19:32:19.651 [JavaFX Application Thread] DEBUG Logger               - Configured Logger
19:32:19.662 [JavaFX Application Thread] DEBUG GameApplication      - Logging settings
Title: Untitled
Version: 0.0
Width: 1366
Height: 768
Fullscreen: false
Intro: false
Profiling: false
Single step:false
App Mode: DEVELOPER
Menu Key: ESCAPE
Stage Style: DECORATED
Scene Factory: class com.almasb.fxgl.app.scene.SceneFactory

19:32:19.666 [JavaFX Application Thread] DEBUG FXGLApplication      - Initializing FXGL
19:32:19.672 [JavaFX Application Thread] INFO  Engine               - FXGL-17.2 (20.08.2022 16.50) on WINDOWS (J:17.0.8 FX:20.0.1)
19:32:19.672 [JavaFX Application Thread] DEBUG Engine               - JRE Vendor Name: Oracle Corporation
19:32:19.672 [JavaFX Application Thread] DEBUG Engine               - Running on OS: Windows 10 version 10.0
19:32:19.672 [JavaFX Application Thread] DEBUG Engine               - Architecture: amd64
19:32:19.672 [JavaFX Application Thread] INFO  Engine               - Source code and latest versions at: https://github.com/AlmasB/FXGL
19:32:19.672 [JavaFX Application Thread] INFO  Engine               -       Ask questions and discuss at: https://github.com/AlmasB/FXGL/discussions
19:32:19.673 [JavaFX Application Thread] INFO  Engine               -              Join the FXGL chat at: https://gitter.im/AlmasB/FXGL
19:32:19.718 [JavaFX Application Thread] DEBUG EmbeddedPaneWindow   - Target settings size: 1366.0 x 768.0
19:32:19.719 [JavaFX Application Thread] DEBUG EmbeddedPaneWindow   - Scaled scene size:    1366.0 x 768.0
19:32:19.719 [JavaFX Application Thread] DEBUG EmbeddedPaneWindow   - Scaled ratio: (1.0, 1.0)
19:32:19.721 [JavaFX Application Thread] DEBUG EmbeddedPaneWindow   - Set initial scene to FXGLStartupScene
19:32:19.722 [JavaFX Application Thread] DEBUG EmbeddedPaneWindow   - Opening embedded window
19:32:19.723 [JavaFX Application Thread] DEBUG EmbeddedPaneWindow   - Window border size: (0, 0)
19:32:19.723 [JavaFX Application Thread] DEBUG EmbeddedPaneWindow   - Scaled size: 1366.0 x 768.0
19:32:19.724 [JavaFX Application Thread] DEBUG EmbeddedPaneWindow   - Scaled ratio: (1.0, 1.0)
19:32:19.729 [FXGL Background Thread 1 ] DEBUG Engine               - Initializing environment variables
19:32:19.757 [FXGL Background Thread 1 ] DEBUG FXGLAssetLoaderServi - User app class for loading assets: class com.example.javafxprojectusertask.Simulation.SimulationApp
19:32:19.758 [FXGL Background Thread 1 ] DEBUG GameApplicationServi - Applying CSS: fxgl_dark.css
19:32:19.758 [FXGL Background Thread 1 ] DEBUG FXGLAssetLoaderServi - Loading from file system: jar:file:///C:/Users/Wicked/.m2/repository/com/github/almasb/fxgl/17.2/fxgl-17.2.jar!/fxglassets/ui/css/fxgl_dark.css
19:32:19.773 [FXGL Background Thread 1 ] DEBUG GameApplicationServi - Initializing application scenes
19:32:19.784 [FXGL Background Thread 1 ] DEBUG GameWorld            - Game world initialized
19:32:19.850 [FXGL Background Thread 1 ] DEBUG PhysicsWorld         - Physics world initialized: appHeight=768, physics.ppm=50,0
19:32:19.851 [FXGL Background Thread 1 ] DEBUG PhysicsWorld         - Using strategy: BRUTE_FORCE
19:32:19.861 [FXGL Background Thread 1 ] DEBUG GameScene            - Game scene initialized: 1366x768
19:32:19.886 [FXGL Background Thread 1 ] DEBUG FXGL.DefaultMenu     - createMenuBodyGameMenu()
19:32:19.900 [FXGL Background Thread 1 ] DEBUG FXGL.DefaultMenu     - createOptionsMenu()
19:32:19.909 [FXGL Background Thread 1 ] DEBUG FXGLAssetLoaderServi - Loading from file system: jar:file:///C:/Users/Wicked/.m2/repository/com/github/almasb/fxgl/17.2/fxgl-17.2.jar!/fxglassets/textures/particles/smoke.png
19:32:19.985 [FXGL Background Thread 1 ] DEBUG FXGLAssetLoaderServi - Loading from file system: jar:file:///C:/Users/Wicked/.m2/repository/com/github/almasb/fxgl/17.2/fxgl-17.2.jar!/fxglassets/textures/particles/trace_horizontal.png
19:32:20.009 [FXGL Background Thread 1 ] DEBUG GameApplicationServi - Application scenes initialized
19:32:20.018 [FXGL Background Thread 1 ] DEBUG SystemBundleService  - Loading FXGL system data
19:32:20.024 [FXGL Background Thread 1 ] DEBUG FileSystemAccess     - Reading from: C:\Users\Wicked\Desktop\JavaFxProject\JavaFxProjectUserTask_Integration\JavaFxProjectUserTask\system\fxgl.bundle
19:32:20.029 [FXGL Background Thread 1 ] DEBUG SystemBundleService  - Bundle FXGL: {}
19:32:20.030 [FXGL Background Thread 1 ] DEBUG UpdaterService       - Checking for updates
19:32:20.035 [FXGL Background Thread 4 ] DEBUG FXGLApplication      - Loading fonts
19:32:20.035 [FXGL Background Thread 4 ] DEBUG FXGLAssetLoaderServi - Loading from file system: jar:file:///C:/Users/Wicked/.m2/repository/com/github/almasb/fxgl/17.2/fxgl-17.2.jar!/fxglassets/ui/fonts/VarelaRound-Regular.ttf
19:32:20.035 [FXGL Background Thread 1 ] DEBUG FXGLApplication      - Loading default localization
19:32:20.036 [FXGL Background Thread 1 ] DEBUG FXGLAssetLoaderServi - Loading from file system: jar:file:///C:/Users/Wicked/.m2/repository/com/github/almasb/fxgl/17.2/fxgl-17.2.jar!/fxglassets/languages/english.lang
19:32:20.065 [FXGL Background Thread 1 ] INFO  FXGLApplication      - FXGL initialization took: 0,335 sec
19:32:20.080 [JavaFX Application Thread] DEBUG Input                - Registered new binding: action0 - Z
19:32:20.081 [JavaFX Application Thread] DEBUG Input                - Registered new binding: action1 - Q
19:32:20.081 [JavaFX Application Thread] DEBUG Input                - Registered new binding: action2 - D
19:32:20.082 [JavaFX Application Thread] DEBUG Input                - Registered new binding: action3 - F
19:32:20.082 [JavaFX Application Thread] DEBUG Input                - Registered new binding: action4 - R
19:32:20.083 [JavaFX Application Thread] DEBUG Input                - Registered new binding: action5 - C
19:32:20.083 [JavaFX Application Thread] DEBUG Input                - Registered new binding: action6 - P
19:32:20.084 [JavaFX Application Thread] DEBUG FXGLAssetLoaderServi - Loading from file system: jar:file:///C:/Users/Wicked/.m2/repository/com/github/almasb/fxgl/17.2/fxgl-17.2.jar!/fxglassets/textures/fxgl_icon.png
19:32:20.087 [JavaFX Application Thread] DEBUG FXGLAssetLoaderServi - Loading from file system: jar:file:///C:/Users/Wicked/.m2/repository/com/github/almasb/fxgl/17.2/fxgl-17.2.jar!/fxglassets/textures/fxgl_default_cursor.png
19:32:20.090 [JavaFX Application Thread] DEBUG Input                - Registered new binding: Screenshot - CTRL+8
19:32:20.091 [JavaFX Application Thread] DEBUG Input                - Registered new binding: System info dump - CTRL+9
19:32:20.091 [JavaFX Application Thread] DEBUG Input                - Registered new binding: Restart - CTRL+R
19:32:20.092 [JavaFX Application Thread] DEBUG Input                - Registered new binding: Toggle Debug Camera - CTRL+7
19:32:20.095 [JavaFX Application Thread] DEBUG LoopRunner           - Starting loop
19:32:20.095 [JavaFX Application Thread] DEBUG LoopRunner           - Initializing JavaFX AnimationTimerLoop
19:32:20.097 [JavaFX Application Thread] DEBUG GameApplicationServi - Starting new game
19:32:20.097 [JavaFX Application Thread] DEBUG Input                - Clearing active input actions
19:32:20.098 [JavaFX Application Thread] DEBUG GameApplicationServi - Removing overlay from FXGLStartupScene and adding to FXGLLoadingScene
19:32:20.099 [JavaFX Application Thread] DEBUG EmbeddedPaneWindow   - FXGLStartupScene -> FXGLLoadingScene
19:32:20.099 [JavaFX Application Thread] DEBUG GameApplicationServi - Clearing previous game
19:32:20.099 [JavaFX Application Thread] DEBUG GameScene            - Clearing game scene
19:32:20.099 [JavaFX Application Thread] DEBUG GameWorld            - Clearing game world
19:32:20.099 [JavaFX Application Thread] DEBUG PhysicsWorld         - Clearing physics world
19:32:20.102 [FXGL Background Thread 1 ] DEBUG FXGLApplication      - Initializing game
19:32:20.123 [FXGL Background Thread 1 ] WARN  FXGLAssetLoaderServi - Asset "/assets/textures/CoarseConcrete_Albedo.png" was not found!
19:32:20.124 [FXGL Background Thread 1 ] WARN  FXGLAssetLoaderServi - Failed to load IMAGE
19:32:20.129 [FXGL Background Thread 4 ] DEBUG FXGLAssetLoaderServi - Loading from file system: jar:file:///C:/Users/Wicked/.m2/repository/com/github/almasb/fxgl/17.2/fxgl-17.2.jar!/fxglassets/ui/fonts/Abel-Regular.ttf
19:32:20.134 [FXGL Background Thread 4 ] DEBUG FXGLAssetLoaderServi - Loading from file system: jar:file:///C:/Users/Wicked/.m2/repository/com/github/almasb/fxgl/17.2/fxgl-17.2.jar!/fxglassets/ui/fonts/TerminalLandMono-Regular.otf
19:32:20.140 [FXGL Background Thread 4 ] DEBUG FXGLAssetLoaderServi - Loading from file system: jar:file:///C:/Users/Wicked/.m2/repository/com/github/almasb/fxgl/17.2/fxgl-17.2.jar!/fxglassets/ui/fonts/Courier-Prime.ttf
19:32:20.232 [JavaFX Application Thread] DEBUG FXGLApplication      - Registering font factories with UI factory
19:32:20.308 [FXGL Background Thread 1 ] INFO  FXGLApplication      - Game initialization took: 0,206 sec
19:32:21.470 [FXGL Background Thread 2 ] INFO  UpdaterService       - Your current version:  17.2
19:32:21.471 [FXGL Background Thread 2 ] INFO  UpdaterService       - Latest stable version: 21
19:32:23.034 [FXGL Background Thread 3 ] DEBUG Engine               - Logging environment variables
19:32:23.034 [FXGL Background Thread 3 ] DEBUG Engine               - achievements: []
19:32:23.034 [FXGL Background Thread 3 ] DEBUG Engine               - actualHeight: 768.0
19:32:23.035 [FXGL Background Thread 3 ] DEBUG Engine               - actualHeightProperty: ReadOnlyDoubleProperty [value: 768.0]
19:32:23.035 [FXGL Background Thread 3 ] DEBUG Engine               - actualWidth: 1366.0
19:32:23.035 [FXGL Background Thread 3 ] DEBUG Engine               - actualWidthProperty: ReadOnlyDoubleProperty [value: 1366.0]
19:32:23.035 [FXGL Background Thread 3 ] DEBUG Engine               - appIcon: fxgl_icon.png
19:32:23.035 [FXGL Background Thread 3 ] DEBUG Engine               - applicationMode: DEVELOPER
19:32:23.035 [FXGL Background Thread 3 ] DEBUG Engine               - cSSList: [fxgl_dark.css]
19:32:23.035 [FXGL Background Thread 3 ] DEBUG Engine               - collisionDetectionStrategy: BRUTE_FORCE
19:32:23.035 [FXGL Background Thread 3 ] DEBUG Engine               - configClass: Optional.empty
19:32:23.035 [FXGL Background Thread 3 ] DEBUG Engine               - credits: []
19:32:23.035 [FXGL Background Thread 3 ] DEBUG Engine               - defaultCursor: CursorInfo(imageName=fxgl_default_cursor.png, hotspotX=7.0, hotspotY=6.0)
19:32:23.036 [FXGL Background Thread 3 ] DEBUG Engine               - devBBoxColorProperty: ObjectProperty [value: 0xff0000ff]
19:32:23.036 [FXGL Background Thread 3 ] DEBUG Engine               - devEnableDebugCameraProperty: BooleanProperty [value: false]
19:32:23.036 [FXGL Background Thread 3 ] DEBUG Engine               - devSensorColorProperty: ObjectProperty [value: 0xffff00ff]
19:32:23.036 [FXGL Background Thread 3 ] DEBUG Engine               - devShowBBoxProperty: BooleanProperty [value: false]
19:32:23.036 [FXGL Background Thread 3 ] DEBUG Engine               - devShowPositionProperty: BooleanProperty [value: false]
19:32:23.036 [FXGL Background Thread 3 ] DEBUG Engine               - enabledMenuItems: []
19:32:23.036 [FXGL Background Thread 3 ] DEBUG Engine               - engineServices: [class com.almasb.fxgl.app.services.FXGLAssetLoaderService, class com.almasb.fxgl.app.FXGLApplication$GameApplicationService, class com.almasb.fxgl.app.services.FXGLDialogService, class com.almasb.fxgl.app.services.IOTaskExecutorService, class com.almasb.fxgl.io.FileSystemService, class com.almasb.fxgl.localization.LocalizationService, class com.almasb.fxgl.app.services.SystemBundleService, class com.almasb.fxgl.profile.SaveLoadService, class com.almasb.fxgl.ui.FXGLUIFactoryServiceProvider, class com.almasb.fxgl.ui.FXGLDialogFactoryServiceProvider, class com.almasb.fxgl.audio.AudioPlayer, class com.almasb.fxgl.notification.impl.NotificationServiceProvider, class com.almasb.fxgl.achievement.AchievementService, class com.almasb.fxgl.cutscene.CutsceneService, class com.almasb.fxgl.minigames.MiniGameService, class com.almasb.fxgl.net.NetService, class com.almasb.fxgl.app.services.UpdaterService, class com.almasb.fxgl.dev.DevService]
19:32:23.036 [FXGL Background Thread 3 ] DEBUG Engine               - fontGame: Abel-Regular.ttf
19:32:23.036 [FXGL Background Thread 3 ] DEBUG Engine               - fontMono: TerminalLandMono-Regular.otf
19:32:23.036 [FXGL Background Thread 3 ] DEBUG Engine               - fontText: Courier-Prime.ttf
19:32:23.036 [FXGL Background Thread 3 ] DEBUG Engine               - fontUI: VarelaRound-Regular.ttf
19:32:23.037 [FXGL Background Thread 3 ] DEBUG Engine               - fullScreen: BooleanProperty [value: false]
19:32:23.037 [FXGL Background Thread 3 ] DEBUG Engine               - gameDifficulty: MEDIUM
19:32:23.037 [FXGL Background Thread 3 ] DEBUG Engine               - gameDifficultyProperty: ObjectProperty [value: MEDIUM]
19:32:23.037 [FXGL Background Thread 3 ] DEBUG Engine               - globalMusicVolume: 0.5
19:32:23.037 [FXGL Background Thread 3 ] DEBUG Engine               - globalMusicVolumeProperty: DoubleProperty [value: 0.5]
19:32:23.037 [FXGL Background Thread 3 ] DEBUG Engine               - globalSoundVolume: 0.5
19:32:23.037 [FXGL Background Thread 3 ] DEBUG Engine               - globalSoundVolumeProperty: DoubleProperty [value: 0.5]
19:32:23.037 [FXGL Background Thread 3 ] DEBUG Engine               - height: 768
19:32:23.037 [FXGL Background Thread 3 ] DEBUG Engine               - is3D: true
19:32:23.037 [FXGL Background Thread 3 ] DEBUG Engine               - isAndroid: false
19:32:23.037 [FXGL Background Thread 3 ] DEBUG Engine               - isBrowser: false
19:32:23.037 [FXGL Background Thread 3 ] DEBUG Engine               - isClickFeedbackEnabled: false
19:32:23.037 [FXGL Background Thread 3 ] DEBUG Engine               - isCloseConfirmation: false
19:32:23.037 [FXGL Background Thread 3 ] DEBUG Engine               - isDesktop: true
19:32:23.038 [FXGL Background Thread 3 ] DEBUG Engine               - isDeveloperMenuEnabled: false
19:32:23.038 [FXGL Background Thread 3 ] DEBUG Engine               - isEmbedded: false
19:32:23.038 [FXGL Background Thread 3 ] DEBUG Engine               - isEntityPreloadEnabled: true
19:32:23.038 [FXGL Background Thread 3 ] DEBUG Engine               - isExperimentalTiledLargeMap: false
19:32:23.038 [FXGL Background Thread 3 ] DEBUG Engine               - isFileSystemWriteAllowed: true
19:32:23.038 [FXGL Background Thread 3 ] DEBUG Engine               - isFullScreenAllowed: false
19:32:23.038 [FXGL Background Thread 3 ] DEBUG Engine               - isFullScreenFromStart: false
19:32:23.038 [FXGL Background Thread 3 ] DEBUG Engine               - isGameMenuEnabled: true
19:32:23.038 [FXGL Background Thread 3 ] DEBUG Engine               - isIOS: false
19:32:23.038 [FXGL Background Thread 3 ] DEBUG Engine               - isIntroEnabled: false
19:32:23.038 [FXGL Background Thread 3 ] DEBUG Engine               - isLinux: false
19:32:23.038 [FXGL Background Thread 3 ] DEBUG Engine               - isMac: false
19:32:23.038 [FXGL Background Thread 3 ] DEBUG Engine               - isMainMenuEnabled: false
19:32:23.038 [FXGL Background Thread 3 ] DEBUG Engine               - isManualResizeEnabled: false
19:32:23.038 [FXGL Background Thread 3 ] DEBUG Engine               - isMobile: false
19:32:23.039 [FXGL Background Thread 3 ] DEBUG Engine               - isNative: false
19:32:23.039 [FXGL Background Thread 3 ] DEBUG Engine               - isPauseMusicWhenMinimized: true
19:32:23.039 [FXGL Background Thread 3 ] DEBUG Engine               - isPreserveResizeRatio: false
19:32:23.039 [FXGL Background Thread 3 ] DEBUG Engine               - isProfilingEnabled: false
19:32:23.039 [FXGL Background Thread 3 ] DEBUG Engine               - isScaleAffectedOnResize: true
19:32:23.039 [FXGL Background Thread 3 ] DEBUG Engine               - isSingleStep: false
19:32:23.039 [FXGL Background Thread 3 ] DEBUG Engine               - isUserProfileEnabled: false
19:32:23.039 [FXGL Background Thread 3 ] DEBUG Engine               - isWindows: true
19:32:23.039 [FXGL Background Thread 3 ] DEBUG Engine               - language: ObjectProperty [value: ENGLISH]
19:32:23.039 [FXGL Background Thread 3 ] DEBUG Engine               - menuKey: ESCAPE
19:32:23.039 [FXGL Background Thread 3 ] DEBUG Engine               - mouseSensitivity: 0.2
19:32:23.039 [FXGL Background Thread 3 ] DEBUG Engine               - notificationViewClass: class com.almasb.fxgl.notification.view.XboxNotificationView
19:32:23.039 [FXGL Background Thread 3 ] DEBUG Engine               - pixelsPerMeter: 50.0
19:32:23.039 [FXGL Background Thread 3 ] DEBUG Engine               - platform: WINDOWS
19:32:23.039 [FXGL Background Thread 3 ] DEBUG Engine               - prefHeightProperty: ReadOnlyDoubleProperty [value: 768.0]
19:32:23.039 [FXGL Background Thread 3 ] DEBUG Engine               - prefWidthProperty: ReadOnlyDoubleProperty [value: 1366.0]
19:32:23.040 [FXGL Background Thread 3 ] DEBUG Engine               - profileDir: profiles/
19:32:23.040 [FXGL Background Thread 3 ] DEBUG Engine               - profileName: StringProperty [value: DEFAULT]
19:32:23.040 [FXGL Background Thread 3 ] DEBUG Engine               - randomSeed: -1
19:32:23.040 [FXGL Background Thread 3 ] DEBUG Engine               - runtimeInfo: RuntimeInfo(platform=WINDOWS, version=17.2, build=20.08.2022 16.50)
19:32:23.040 [FXGL Background Thread 3 ] DEBUG Engine               - saveFileExt: sav
19:32:23.040 [FXGL Background Thread 3 ] DEBUG Engine               - scaledHeightProp$fxgl: DoubleProperty [bound, value: 768.0]
19:32:23.040 [FXGL Background Thread 3 ] DEBUG Engine               - scaledWidthProp$fxgl: DoubleProperty [bound, value: 1366.0]
19:32:23.040 [FXGL Background Thread 3 ] DEBUG Engine               - sceneFactory: com.almasb.fxgl.app.scene.SceneFactory@275e4454
19:32:23.040 [FXGL Background Thread 3 ] DEBUG Engine               - secondsIn24h: 60
19:32:23.040 [FXGL Background Thread 3 ] DEBUG Engine               - soundMenuBack: menu/back.wav
19:32:23.040 [FXGL Background Thread 3 ] DEBUG Engine               - soundMenuPress: menu/press.wav
19:32:23.041 [FXGL Background Thread 3 ] DEBUG Engine               - soundMenuSelect: menu/select.wav
19:32:23.041 [FXGL Background Thread 3 ] DEBUG Engine               - soundNotification: core/notification.wav
19:32:23.041 [FXGL Background Thread 3 ] DEBUG Engine               - stageStyle: DECORATED
19:32:23.041 [FXGL Background Thread 3 ] DEBUG Engine               - supportedLanguages: [ENGLISH, FRENCH, GERMAN, HUNGARIAN, RUSSIAN]
19:32:23.041 [FXGL Background Thread 3 ] DEBUG Engine               - ticksPerSecond: -1
19:32:23.041 [FXGL Background Thread 3 ] DEBUG Engine               - title: Untitled
19:32:23.041 [FXGL Background Thread 3 ] DEBUG Engine               - urlGithub: https://github.com/AlmasB/FXGL
19:32:23.041 [FXGL Background Thread 3 ] DEBUG Engine               - urlLeaderboard: http://fxgl-top.herokuapp.com/
19:32:23.041 [FXGL Background Thread 3 ] DEBUG Engine               - urlPOM: https://raw.githubusercontent.com/AlmasB/FXGL/release/README.md
19:32:23.041 [FXGL Background Thread 3 ] DEBUG Engine               - userAppClass: class com.example.javafxprojectusertask.Simulation.SimulationApp
19:32:23.041 [FXGL Background Thread 3 ] DEBUG Engine               - version: 0.0
19:32:23.041 [FXGL Background Thread 3 ] DEBUG Engine               - versionCheckDays: 7
19:32:23.041 [FXGL Background Thread 3 ] DEBUG Engine               - width: 1366
19:32:23.041 [FXGL Background Thread 3 ] DEBUG Engine               - Logging services
19:32:23.042 [FXGL Background Thread 3 ] DEBUG Engine               - class com.almasb.fxgl.app.services.FXGLAssetLoaderService
19:32:23.042 [FXGL Background Thread 3 ] DEBUG Engine               - class com.almasb.fxgl.app.FXGLApplication$GameApplicationService
19:32:23.042 [FXGL Background Thread 3 ] DEBUG Engine               - class com.almasb.fxgl.app.services.FXGLDialogService
19:32:23.042 [FXGL Background Thread 3 ] DEBUG Engine               - class com.almasb.fxgl.app.services.IOTaskExecutorService
19:32:23.042 [FXGL Background Thread 3 ] DEBUG Engine               - class com.almasb.fxgl.io.FileSystemService
19:32:23.042 [FXGL Background Thread 3 ] DEBUG Engine               - class com.almasb.fxgl.localization.LocalizationService
19:32:23.042 [FXGL Background Thread 3 ] DEBUG Engine               - class com.almasb.fxgl.app.services.SystemBundleService
19:32:23.042 [FXGL Background Thread 3 ] DEBUG Engine               - class com.almasb.fxgl.profile.SaveLoadService
19:32:23.042 [FXGL Background Thread 3 ] DEBUG Engine               - class com.almasb.fxgl.ui.FXGLUIFactoryServiceProvider
19:32:23.042 [FXGL Background Thread 3 ] DEBUG Engine               - class com.almasb.fxgl.ui.FXGLDialogFactoryServiceProvider
19:32:23.042 [FXGL Background Thread 3 ] DEBUG Engine               - class com.almasb.fxgl.audio.AudioPlayer
19:32:23.042 [FXGL Background Thread 3 ] DEBUG Engine               - class com.almasb.fxgl.notification.impl.NotificationServiceProvider
19:32:23.042 [FXGL Background Thread 3 ] DEBUG Engine               - class com.almasb.fxgl.achievement.AchievementService
19:32:23.042 [FXGL Background Thread 3 ] DEBUG Engine               - class com.almasb.fxgl.cutscene.CutsceneService
19:32:23.043 [FXGL Background Thread 3 ] DEBUG Engine               - class com.almasb.fxgl.minigames.MiniGameService
19:32:23.043 [FXGL Background Thread 3 ] DEBUG Engine               - class com.almasb.fxgl.net.NetService
19:32:23.043 [FXGL Background Thread 3 ] DEBUG Engine               - class com.almasb.fxgl.app.services.UpdaterService
19:32:23.043 [FXGL Background Thread 3 ] DEBUG Engine               - class com.almasb.fxgl.dev.DevService
19:32:24.786 [JavaFX Application Thread] DEBUG Input                - Clearing active input actions
19:32:24.790 [JavaFX Application Thread] DEBUG GameApplicationServi - Removing overlay from FXGLLoadingScene and adding to GameScene
19:32:24.791 [JavaFX Application Thread] DEBUG EmbeddedPaneWindow   - FXGLLoadingScene -> GameScene
19:32:34.097 [JavaFX Application Thread] DEBUG Input                - Registered new binding: Next RPG Line - Enter
19:32:34.098 [JavaFX Application Thread] DEBUG EmbeddedPaneWindow   - Push state: CutsceneScene
19:32:34.099 [JavaFX Application Thread] DEBUG Input                - Clearing active input actions
19:32:34.100 [JavaFX Application Thread] DEBUG GameApplicationServi - Removing overlay from GameScene and adding to CutsceneScene
19:32:34.101 [JavaFX Application Thread] DEBUG EmbeddedPaneWindow   - GameScene -> CutsceneScene
19:32:38.775 [JavaFX Application Thread] DEBUG EmbeddedPaneWindow   - Pop state: CutsceneScene
19:32:38.775 [JavaFX Application Thread] DEBUG Input                - Clearing active input actions
19:32:38.775 [JavaFX Application Thread] DEBUG GameApplicationServi - Removing overlay from CutsceneScene and adding to GameScene
19:32:38.776 [JavaFX Application Thread] DEBUG EmbeddedPaneWindow   - GameScene <- CutsceneScene
19:32:44.982 [JavaFX Application Thread] DEBUG EmbeddedPaneWindow   - Push state: CutsceneScene
19:32:44.983 [JavaFX Application Thread] DEBUG Input                - Clearing active input actions
19:32:44.984 [JavaFX Application Thread] DEBUG GameApplicationServi - Removing overlay from GameScene and adding to CutsceneScene
19:32:44.985 [JavaFX Application Thread] DEBUG EmbeddedPaneWindow   - GameScene -> CutsceneScene
19:32:47.415 [JavaFX Application Thread] DEBUG EmbeddedPaneWindow   - Pop state: CutsceneScene
19:32:47.415 [JavaFX Application Thread] DEBUG Input                - Clearing active input actions
19:32:47.415 [JavaFX Application Thread] DEBUG GameApplicationServi - Removing overlay from CutsceneScene and adding to GameScene
19:32:47.416 [JavaFX Application Thread] DEBUG EmbeddedPaneWindow   - GameScene <- CutsceneScene
19:33:07.263 [JavaFX Application Thread] DEBUG LoopRunner           - Stopping loop
19:33:07.265 [JavaFX Application Thread] FATAL FXGLApplication      - Uncaught Exception:
java.lang.IndexOutOfBoundsException: Index -1 out of bounds for length 4
	at java.base/jdk.internal.util.Preconditions.outOfBounds(Preconditions.java:64)
	at java.base/jdk.internal.util.Preconditions.outOfBoundsCheckIndex(Preconditions.java:70)
	at java.base/jdk.internal.util.Preconditions.checkIndex(Preconditions.java:266)
	at java.base/java.util.Objects.checkIndex(Objects.java:359)
	at java.base/java.util.ArrayList.get(ArrayList.java:427)
	at com.example.javafxprojectusertask/com.example.javafxprojectusertask.Simulation.SimulationApp.lambda$initInput$3(SimulationApp.java:133)
	at com.almasb.fxgl.all@17.2/com.almasb.fxgl.dsl.FXGL$Companion$onKey$1.onAction(FXGL.kt:500)
	at com.almasb.fxgl.core@17.2/com.almasb.fxgl.input.UserAction.action$fxgl_core(UserAction.kt:38)
	at com.almasb.fxgl.core@17.2/com.almasb.fxgl.input.Input.update(Input.kt:288)
	at com.almasb.fxgl.scene@17.2/com.almasb.fxgl.scene.Scene.update(Scene.kt:103)
	at com.almasb.fxgl.all@17.2/com.almasb.fxgl.app.MainWindow$update$1.invoke(MainWindow.kt:115)
	at com.almasb.fxgl.all@17.2/com.almasb.fxgl.app.MainWindow$update$1.invoke(MainWindow.kt:115)
	at com.almasb.fxgl.core@17.2/com.almasb.fxgl.core.fsm.StateMachine.runOnActiveStates(StateMachine.kt:69)
	at com.almasb.fxgl.all@17.2/com.almasb.fxgl.app.MainWindow.update(MainWindow.kt:115)
	at com.almasb.fxgl.all@17.2/com.almasb.fxgl.app.FXGLApplication$GameApplicationService.onUpdate(FXGLApplication.kt:426)
	at com.almasb.fxgl.all@17.2/com.almasb.fxgl.app.Engine.loop(Engine.kt:134)
	at com.almasb.fxgl.all@17.2/com.almasb.fxgl.app.Engine.access$loop(Engine.kt:24)
	at com.almasb.fxgl.all@17.2/com.almasb.fxgl.app.Engine$loop$1.invoke(Engine.kt:28)
	at com.almasb.fxgl.all@17.2/com.almasb.fxgl.app.Engine$loop$1.invoke(Engine.kt:28)
	at com.almasb.fxgl.all@17.2/com.almasb.fxgl.app.LoopRunner.frame(LoopRunner.kt:103)
	at com.almasb.fxgl.all@17.2/com.almasb.fxgl.app.LoopRunner.access$frame(LoopRunner.kt:23)
	at com.almasb.fxgl.all@17.2/com.almasb.fxgl.app.LoopRunner$impl$2$1.onTick(LoopRunner.kt:57)
	at com.almasb.fxgl.all@17.2/com.almasb.fxgl.app.AnimationTimerLoop$timer$1.handle(LoopRunner.kt:137)
	at javafx.graphics@20.0.1/javafx.animation.AnimationTimer$AnimationTimerReceiver.lambda$handle$0(AnimationTimer.java:58)
	at java.base/java.security.AccessController.doPrivileged(AccessController.java:399)
	at javafx.graphics@20.0.1/javafx.animation.AnimationTimer$AnimationTimerReceiver.handle(AnimationTimer.java:57)
	at javafx.graphics@20.0.1/com.sun.scenario.animation.AbstractPrimaryTimer.timePulseImpl(AbstractPrimaryTimer.java:356)
	at javafx.graphics@20.0.1/com.sun.scenario.animation.AbstractPrimaryTimer$MainLoop.run(AbstractPrimaryTimer.java:266)
	at javafx.graphics@20.0.1/com.sun.javafx.tk.quantum.QuantumToolkit.pulse(QuantumToolkit.java:588)
	at javafx.graphics@20.0.1/com.sun.javafx.tk.quantum.QuantumToolkit.pulse(QuantumToolkit.java:572)
	at javafx.graphics@20.0.1/com.sun.javafx.tk.quantum.QuantumToolkit.pulseFromQueue(QuantumToolkit.java:565)
	at javafx.graphics@20.0.1/com.sun.javafx.tk.quantum.QuantumToolkit.lambda$runToolkit$11(QuantumToolkit.java:352)
	at javafx.graphics@20.0.1/com.sun.glass.ui.InvokeLaterDispatcher$Future.run(InvokeLaterDispatcher.java:95)
	at javafx.graphics@20.0.1/com.sun.glass.ui.win.WinApplication._runLoop(Native Method)
	at javafx.graphics@20.0.1/com.sun.glass.ui.win.WinApplication.lambda$runLoop$3(WinApplication.java:185)
	at java.base/java.lang.Thread.run(Thread.java:833)

19:33:07.265 [JavaFX Application Thread] FATAL FXGLApplication      - Application will now exit
19:33:07.295 [JavaFX Application Thread] DEBUG EmbeddedPaneWindow   - Push state: ErrorSubScene
19:33:07.295 [JavaFX Application Thread] DEBUG Input                - Clearing active input actions
19:33:07.299 [JavaFX Application Thread] DEBUG GameApplicationServi - Removing overlay from GameScene and adding to ErrorSubScene
19:33:07.299 [JavaFX Application Thread] DEBUG EmbeddedPaneWindow   - GameScene -> ErrorSubScene
19:33:13.606 [JavaFX Application Thread] DEBUG FXGLApplication      - Exiting FXGL
19:33:13.606 [JavaFX Application Thread] DEBUG Async                - Shutting down background threads
19:33:13.606 [JavaFX Application Thread] DEBUG Logger               - Closing Logger
