21:34:55.460 [JavaFX Application Thread] DEBUG Logger               - Configured Logger
21:34:55.471 [JavaFX Application Thread] DEBUG GameApplication      - Logging settings
Title: Untitled
Version: 0.0
Width: 1366
Height: 768
Fullscreen: false
Intro: false
Profiling: false
Single step:false
App Mode: DEVELOPER
Menu Key: ESCAPE
Stage Style: DECORATED
Scene Factory: class com.almasb.fxgl.app.scene.SceneFactory

21:34:55.473 [JavaFX Application Thread] DEBUG FXGLApplication      - Initializing FXGL
21:34:55.478 [JavaFX Application Thread] INFO  Engine               - FXGL-17.2 (20.08.2022 16.50) on WINDOWS (J:17.0.8 FX:20.0.1)
21:34:55.478 [JavaFX Application Thread] DEBUG Engine               - JRE Vendor Name: Oracle Corporation
21:34:55.478 [JavaFX Application Thread] DEBUG Engine               - Running on OS: Windows 10 version 10.0
21:34:55.478 [JavaFX Application Thread] DEBUG Engine               - Architecture: amd64
21:34:55.478 [JavaFX Application Thread] INFO  Engine               - Source code and latest versions at: https://github.com/AlmasB/FXGL
21:34:55.479 [JavaFX Application Thread] INFO  Engine               -       Ask questions and discuss at: https://github.com/AlmasB/FXGL/discussions
21:34:55.479 [JavaFX Application Thread] INFO  Engine               -              Join the FXGL chat at: https://gitter.im/AlmasB/FXGL
21:34:55.527 [JavaFX Application Thread] DEBUG EmbeddedPaneWindow   - Target settings size: 1366.0 x 768.0
21:34:55.528 [JavaFX Application Thread] DEBUG EmbeddedPaneWindow   - Scaled scene size:    1366.0 x 768.0
21:34:55.528 [JavaFX Application Thread] DEBUG EmbeddedPaneWindow   - Scaled ratio: (1.0, 1.0)
21:34:55.530 [JavaFX Application Thread] DEBUG EmbeddedPaneWindow   - Set initial scene to FXGLStartupScene
21:34:55.531 [JavaFX Application Thread] DEBUG EmbeddedPaneWindow   - Opening embedded window
21:34:55.532 [JavaFX Application Thread] DEBUG EmbeddedPaneWindow   - Window border size: (0, 0)
21:34:55.532 [JavaFX Application Thread] DEBUG EmbeddedPaneWindow   - Scaled size: 1366.0 x 768.0
21:34:55.533 [JavaFX Application Thread] DEBUG EmbeddedPaneWindow   - Scaled ratio: (1.0, 1.0)
21:34:55.538 [FXGL Background Thread 1 ] DEBUG Engine               - Initializing environment variables
21:34:55.568 [FXGL Background Thread 1 ] DEBUG FXGLAssetLoaderServi - User app class for loading assets: class com.example.javafxprojectusertask.Simulation.SimulationApp
21:34:55.569 [FXGL Background Thread 1 ] DEBUG GameApplicationServi - Applying CSS: fxgl_dark.css
21:34:55.570 [FXGL Background Thread 1 ] DEBUG FXGLAssetLoaderServi - Loading from file system: jar:file:///C:/Users/Wicked/.m2/repository/com/github/almasb/fxgl/17.2/fxgl-17.2.jar!/fxglassets/ui/css/fxgl_dark.css
21:34:55.586 [FXGL Background Thread 1 ] DEBUG GameApplicationServi - Initializing application scenes
21:34:55.595 [FXGL Background Thread 1 ] DEBUG GameWorld            - Game world initialized
21:34:55.659 [FXGL Background Thread 1 ] DEBUG PhysicsWorld         - Physics world initialized: appHeight=768, physics.ppm=50,0
21:34:55.660 [FXGL Background Thread 1 ] DEBUG PhysicsWorld         - Using strategy: BRUTE_FORCE
21:34:55.668 [FXGL Background Thread 1 ] DEBUG GameScene            - Game scene initialized: 1366x768
21:34:55.682 [FXGL Background Thread 1 ] DEBUG FXGL.DefaultMenu     - createMenuBodyGameMenu()
21:34:55.702 [FXGL Background Thread 1 ] DEBUG FXGL.DefaultMenu     - createOptionsMenu()
21:34:55.715 [FXGL Background Thread 1 ] DEBUG FXGLAssetLoaderServi - Loading from file system: jar:file:///C:/Users/Wicked/.m2/repository/com/github/almasb/fxgl/17.2/fxgl-17.2.jar!/fxglassets/textures/particles/smoke.png
21:34:55.796 [FXGL Background Thread 1 ] DEBUG FXGLAssetLoaderServi - Loading from file system: jar:file:///C:/Users/Wicked/.m2/repository/com/github/almasb/fxgl/17.2/fxgl-17.2.jar!/fxglassets/textures/particles/trace_horizontal.png
21:34:55.814 [FXGL Background Thread 1 ] DEBUG GameApplicationServi - Application scenes initialized
21:34:55.830 [FXGL Background Thread 1 ] DEBUG SystemBundleService  - Loading default FXGL system data
21:34:55.830 [FXGL Background Thread 1 ] DEBUG UpdaterService       - Checking for updates
21:34:55.839 [FXGL Background Thread 4 ] DEBUG FXGLApplication      - Loading fonts
21:34:55.839 [FXGL Background Thread 1 ] DEBUG FXGLApplication      - Loading default localization
21:34:55.839 [FXGL Background Thread 4 ] DEBUG FXGLAssetLoaderServi - Loading from file system: jar:file:///C:/Users/Wicked/.m2/repository/com/github/almasb/fxgl/17.2/fxgl-17.2.jar!/fxglassets/ui/fonts/VarelaRound-Regular.ttf
21:34:55.840 [FXGL Background Thread 1 ] DEBUG FXGLAssetLoaderServi - Loading from file system: jar:file:///C:/Users/Wicked/.m2/repository/com/github/almasb/fxgl/17.2/fxgl-17.2.jar!/fxglassets/languages/english.lang
21:34:55.865 [FXGL Background Thread 1 ] INFO  FXGLApplication      - FXGL initialization took: 0,327 sec
21:34:55.881 [JavaFX Application Thread] DEBUG Input                - Registered new binding: action0 - Z
21:34:55.882 [JavaFX Application Thread] DEBUG Input                - Registered new binding: action1 - Q
21:34:55.882 [JavaFX Application Thread] DEBUG Input                - Registered new binding: action2 - D
21:34:55.883 [JavaFX Application Thread] DEBUG Input                - Registered new binding: action3 - F
21:34:55.884 [JavaFX Application Thread] DEBUG Input                - Registered new binding: action4 - R
21:34:55.884 [JavaFX Application Thread] DEBUG Input                - Registered new binding: action5 - C
21:34:55.885 [JavaFX Application Thread] DEBUG Input                - Registered new binding: action6 - P
21:34:55.886 [JavaFX Application Thread] DEBUG FXGLAssetLoaderServi - Loading from file system: jar:file:///C:/Users/Wicked/.m2/repository/com/github/almasb/fxgl/17.2/fxgl-17.2.jar!/fxglassets/textures/fxgl_icon.png
21:34:55.890 [JavaFX Application Thread] DEBUG FXGLAssetLoaderServi - Loading from file system: jar:file:///C:/Users/Wicked/.m2/repository/com/github/almasb/fxgl/17.2/fxgl-17.2.jar!/fxglassets/textures/fxgl_default_cursor.png
21:34:55.893 [JavaFX Application Thread] DEBUG Input                - Registered new binding: Screenshot - CTRL+8
21:34:55.893 [JavaFX Application Thread] DEBUG Input                - Registered new binding: System info dump - CTRL+9
21:34:55.894 [JavaFX Application Thread] DEBUG Input                - Registered new binding: Restart - CTRL+R
21:34:55.895 [JavaFX Application Thread] DEBUG Input                - Registered new binding: Toggle Debug Camera - CTRL+7
21:34:55.898 [JavaFX Application Thread] DEBUG LoopRunner           - Starting loop
21:34:55.898 [JavaFX Application Thread] DEBUG LoopRunner           - Initializing JavaFX AnimationTimerLoop
21:34:55.899 [JavaFX Application Thread] DEBUG GameApplicationServi - Starting new game
21:34:55.900 [JavaFX Application Thread] DEBUG Input                - Clearing active input actions
21:34:55.902 [JavaFX Application Thread] DEBUG GameApplicationServi - Removing overlay from FXGLStartupScene and adding to FXGLLoadingScene
21:34:55.903 [JavaFX Application Thread] DEBUG EmbeddedPaneWindow   - FXGLStartupScene -> FXGLLoadingScene
21:34:55.903 [JavaFX Application Thread] DEBUG GameApplicationServi - Clearing previous game
21:34:55.903 [JavaFX Application Thread] DEBUG GameScene            - Clearing game scene
21:34:55.903 [JavaFX Application Thread] DEBUG GameWorld            - Clearing game world
21:34:55.903 [JavaFX Application Thread] DEBUG PhysicsWorld         - Clearing physics world
21:34:55.905 [FXGL Background Thread 1 ] DEBUG FXGLApplication      - Initializing game
21:34:55.908 [FXGL Background Thread 4 ] DEBUG FXGLAssetLoaderServi - Loading from file system: jar:file:///C:/Users/Wicked/.m2/repository/com/github/almasb/fxgl/17.2/fxgl-17.2.jar!/fxglassets/ui/fonts/Abel-Regular.ttf
21:34:55.918 [FXGL Background Thread 4 ] DEBUG FXGLAssetLoaderServi - Loading from file system: jar:file:///C:/Users/Wicked/.m2/repository/com/github/almasb/fxgl/17.2/fxgl-17.2.jar!/fxglassets/ui/fonts/TerminalLandMono-Regular.otf
21:34:55.924 [FXGL Background Thread 4 ] DEBUG FXGLAssetLoaderServi - Loading from file system: jar:file:///C:/Users/Wicked/.m2/repository/com/github/almasb/fxgl/17.2/fxgl-17.2.jar!/fxglassets/ui/fonts/Courier-Prime.ttf
21:34:55.935 [JavaFX Application Thread] DEBUG LoopRunner           - Stopping loop
21:34:55.938 [JavaFX Application Thread] FATAL FXGLApplication      - Uncaught Exception:
java.lang.RuntimeException: Initialization failed
	at com.almasb.fxgl.all@17.2/com.almasb.fxgl.app.FXGLApplication$InitAppTask.failed(FXGLApplication.kt:343)
	at javafx.graphics@20.0.1/javafx.concurrent.Task.setState(Task.java:710)
	at javafx.graphics@20.0.1/javafx.concurrent.Task$TaskCallable.lambda$call$2(Task.java:1456)
	at javafx.graphics@20.0.1/com.sun.javafx.application.PlatformImpl.lambda$runLater$10(PlatformImpl.java:456)
	at java.base/java.security.AccessController.doPrivileged(AccessController.java:399)
	at javafx.graphics@20.0.1/com.sun.javafx.application.PlatformImpl.lambda$runLater$11(PlatformImpl.java:455)
	at javafx.graphics@20.0.1/com.sun.glass.ui.InvokeLaterDispatcher$Future.run(InvokeLaterDispatcher.java:95)
	at javafx.graphics@20.0.1/com.sun.glass.ui.win.WinApplication._runLoop(Native Method)
	at javafx.graphics@20.0.1/com.sun.glass.ui.win.WinApplication.lambda$runLoop$3(WinApplication.java:185)
	at java.base/java.lang.Thread.run(Thread.java:833)
Caused by: java.lang.IllegalAccessException: class com.almasb.fxgl.core.reflect.ReflectionUtils (in module com.almasb.fxgl.core) cannot access class com.example.javafxprojectusertask.Simulation.SimulationFactory (in module com.example.javafxprojectusertask) because module com.example.javafxprojectusertask does not export com.example.javafxprojectusertask.Simulation to module com.almasb.fxgl.core
	at java.base/jdk.internal.reflect.Reflection.newIllegalAccessException(Reflection.java:392)
	at java.base/java.lang.reflect.AccessibleObject.checkAccess(AccessibleObject.java:674)
	at java.base/java.lang.reflect.Method.invoke(Method.java:560)
	at com.almasb.fxgl.core@17.2/com.almasb.fxgl.core.reflect.ReflectionUtils.call(ReflectionUtils.java:104)
	at com.almasb.fxgl.core@17.2/com.almasb.fxgl.core.reflect.ReflectionUtils.lambda$mapToFunction$3(ReflectionUtils.java:111)
	at com.almasb.fxgl.entity@17.2/com.almasb.fxgl.entity.GameWorld$create$2.invoke(GameWorld.kt:430)
	at com.almasb.fxgl.entity@17.2/com.almasb.fxgl.entity.GameWorld$create$2.invoke(GameWorld.kt:430)
	at com.almasb.fxgl.core@17.2/com.almasb.fxgl.core.util.DSLKt.tryCatchRoot(DSL.kt:34)
	at com.almasb.fxgl.entity@17.2/com.almasb.fxgl.entity.GameWorld.create(GameWorld.kt:430)
	at com.almasb.fxgl.entity@17.2/com.almasb.fxgl.entity.GameWorld.spawn(GameWorld.kt:396)
	at com.almasb.fxgl.all@17.2/com.almasb.fxgl.dsl.FXGL$Companion.spawn(FXGL.kt:565)
	at com.almasb.fxgl.all@17.2/com.almasb.fxgl.dsl.FXGL$Companion.spawn(FXGL.kt:559)
	at com.almasb.fxgl.all@17.2/com.almasb.fxgl.dsl.FXGL.spawn(FXGL.kt)
	at com.example.javafxprojectusertask/com.example.javafxprojectusertask.Simulation.SimulationApp.initGame(SimulationApp.java:205)
	at com.almasb.fxgl.all@17.2/com.almasb.fxgl.app.FXGLApplication$InitAppTask.initGame(FXGLApplication.kt:339)
	at com.almasb.fxgl.all@17.2/com.almasb.fxgl.app.FXGLApplication$InitAppTask.call(FXGLApplication.kt:319)
	at com.almasb.fxgl.all@17.2/com.almasb.fxgl.app.FXGLApplication$InitAppTask.call(FXGLApplication.kt:311)
	at javafx.graphics@20.0.1/javafx.concurrent.Task$TaskCallable.call(Task.java:1426)
	at java.base/java.util.concurrent.FutureTask.run(FutureTask.java:264)
	at java.base/java.util.concurrent.Executors$RunnableAdapter.call(Executors.java:539)
	at java.base/java.util.concurrent.FutureTask.run(FutureTask.java:264)
	at java.base/java.util.concurrent.ThreadPoolExecutor.runWorker(ThreadPoolExecutor.java:1136)
	at java.base/java.util.concurrent.ThreadPoolExecutor$Worker.run(ThreadPoolExecutor.java:635)
	... 1 more

21:34:55.939 [JavaFX Application Thread] FATAL FXGLApplication      - Application will now exit
21:34:55.965 [JavaFX Application Thread] DEBUG EmbeddedPaneWindow   - Push state: ErrorSubScene
21:34:55.965 [JavaFX Application Thread] DEBUG Input                - Clearing active input actions
21:34:55.970 [JavaFX Application Thread] DEBUG GameApplicationServi - Removing overlay from FXGLLoadingScene and adding to ErrorSubScene
21:34:55.970 [JavaFX Application Thread] DEBUG EmbeddedPaneWindow   - FXGLLoadingScene -> ErrorSubScene
21:34:55.971 [JavaFX Application Thread] DEBUG FXGLApplication      - Registering font factories with UI factory
21:34:56.888 [FXGL Background Thread 2 ] INFO  UpdaterService       - Your current version:  17.2
21:34:56.889 [FXGL Background Thread 2 ] INFO  UpdaterService       - Latest stable version: 21
21:34:58.837 [FXGL Background Thread 3 ] DEBUG Engine               - Logging environment variables
21:34:58.839 [FXGL Background Thread 3 ] DEBUG Engine               - achievements: []
21:34:58.840 [FXGL Background Thread 3 ] DEBUG Engine               - actualHeight: 768.0
21:34:58.841 [FXGL Background Thread 3 ] DEBUG Engine               - actualHeightProperty: ReadOnlyDoubleProperty [value: 768.0]
21:34:58.841 [FXGL Background Thread 3 ] DEBUG Engine               - actualWidth: 1366.0
21:34:58.842 [FXGL Background Thread 3 ] DEBUG Engine               - actualWidthProperty: ReadOnlyDoubleProperty [value: 1366.0]
21:34:58.842 [FXGL Background Thread 3 ] DEBUG Engine               - appIcon: fxgl_icon.png
21:34:58.843 [FXGL Background Thread 3 ] DEBUG Engine               - applicationMode: DEVELOPER
21:34:58.843 [FXGL Background Thread 3 ] DEBUG Engine               - cSSList: [fxgl_dark.css]
21:34:58.843 [FXGL Background Thread 3 ] DEBUG Engine               - collisionDetectionStrategy: BRUTE_FORCE
21:34:58.843 [FXGL Background Thread 3 ] DEBUG Engine               - configClass: Optional.empty
21:34:58.843 [FXGL Background Thread 3 ] DEBUG Engine               - credits: []
21:34:58.844 [FXGL Background Thread 3 ] DEBUG Engine               - defaultCursor: CursorInfo(imageName=fxgl_default_cursor.png, hotspotX=7.0, hotspotY=6.0)
21:34:58.845 [FXGL Background Thread 3 ] DEBUG Engine               - devBBoxColorProperty: ObjectProperty [value: 0xff0000ff]
21:34:58.845 [FXGL Background Thread 3 ] DEBUG Engine               - devEnableDebugCameraProperty: BooleanProperty [value: false]
21:34:58.845 [FXGL Background Thread 3 ] DEBUG Engine               - devSensorColorProperty: ObjectProperty [value: 0xffff00ff]
21:34:58.845 [FXGL Background Thread 3 ] DEBUG Engine               - devShowBBoxProperty: BooleanProperty [value: false]
21:34:58.845 [FXGL Background Thread 3 ] DEBUG Engine               - devShowPositionProperty: BooleanProperty [value: false]
21:34:58.846 [FXGL Background Thread 3 ] DEBUG Engine               - enabledMenuItems: []
21:34:58.846 [FXGL Background Thread 3 ] DEBUG Engine               - engineServices: [class com.almasb.fxgl.app.services.FXGLAssetLoaderService, class com.almasb.fxgl.app.FXGLApplication$GameApplicationService, class com.almasb.fxgl.app.services.FXGLDialogService, class com.almasb.fxgl.app.services.IOTaskExecutorService, class com.almasb.fxgl.io.FileSystemService, class com.almasb.fxgl.localization.LocalizationService, class com.almasb.fxgl.app.services.SystemBundleService, class com.almasb.fxgl.profile.SaveLoadService, class com.almasb.fxgl.ui.FXGLUIFactoryServiceProvider, class com.almasb.fxgl.ui.FXGLDialogFactoryServiceProvider, class com.almasb.fxgl.audio.AudioPlayer, class com.almasb.fxgl.notification.impl.NotificationServiceProvider, class com.almasb.fxgl.achievement.AchievementService, class com.almasb.fxgl.cutscene.CutsceneService, class com.almasb.fxgl.minigames.MiniGameService, class com.almasb.fxgl.net.NetService, class com.almasb.fxgl.app.services.UpdaterService, class com.almasb.fxgl.dev.DevService]
21:34:58.846 [FXGL Background Thread 3 ] DEBUG Engine               - fontGame: Abel-Regular.ttf
21:34:58.846 [FXGL Background Thread 3 ] DEBUG Engine               - fontMono: TerminalLandMono-Regular.otf
21:34:58.846 [FXGL Background Thread 3 ] DEBUG Engine               - fontText: Courier-Prime.ttf
21:34:58.847 [FXGL Background Thread 3 ] DEBUG Engine               - fontUI: VarelaRound-Regular.ttf
21:34:58.847 [FXGL Background Thread 3 ] DEBUG Engine               - fullScreen: BooleanProperty [value: false]
21:34:58.847 [FXGL Background Thread 3 ] DEBUG Engine               - gameDifficulty: MEDIUM
21:34:58.847 [FXGL Background Thread 3 ] DEBUG Engine               - gameDifficultyProperty: ObjectProperty [value: MEDIUM]
21:34:58.847 [FXGL Background Thread 3 ] DEBUG Engine               - globalMusicVolume: 0.5
21:34:58.848 [FXGL Background Thread 3 ] DEBUG Engine               - globalMusicVolumeProperty: DoubleProperty [value: 0.5]
21:34:58.848 [FXGL Background Thread 3 ] DEBUG Engine               - globalSoundVolume: 0.5
21:34:58.848 [FXGL Background Thread 3 ] DEBUG Engine               - globalSoundVolumeProperty: DoubleProperty [value: 0.5]
21:34:58.848 [FXGL Background Thread 3 ] DEBUG Engine               - height: 768
21:34:58.848 [FXGL Background Thread 3 ] DEBUG Engine               - is3D: true
21:34:58.848 [FXGL Background Thread 3 ] DEBUG Engine               - isAndroid: false
21:34:58.848 [FXGL Background Thread 3 ] DEBUG Engine               - isBrowser: false
21:34:58.848 [FXGL Background Thread 3 ] DEBUG Engine               - isClickFeedbackEnabled: false
21:34:58.848 [FXGL Background Thread 3 ] DEBUG Engine               - isCloseConfirmation: false
21:34:58.849 [FXGL Background Thread 3 ] DEBUG Engine               - isDesktop: true
21:34:58.849 [FXGL Background Thread 3 ] DEBUG Engine               - isDeveloperMenuEnabled: false
21:34:58.849 [FXGL Background Thread 3 ] DEBUG Engine               - isEmbedded: false
21:34:58.849 [FXGL Background Thread 3 ] DEBUG Engine               - isEntityPreloadEnabled: true
21:34:58.849 [FXGL Background Thread 3 ] DEBUG Engine               - isExperimentalTiledLargeMap: false
21:34:58.849 [FXGL Background Thread 3 ] DEBUG Engine               - isFileSystemWriteAllowed: true
21:34:58.849 [FXGL Background Thread 3 ] DEBUG Engine               - isFullScreenAllowed: false
21:34:58.850 [FXGL Background Thread 3 ] DEBUG Engine               - isFullScreenFromStart: false
21:34:58.850 [FXGL Background Thread 3 ] DEBUG Engine               - isGameMenuEnabled: true
21:34:58.850 [FXGL Background Thread 3 ] DEBUG Engine               - isIOS: false
21:34:58.850 [FXGL Background Thread 3 ] DEBUG Engine               - isIntroEnabled: false
21:34:58.850 [FXGL Background Thread 3 ] DEBUG Engine               - isLinux: false
21:34:58.850 [FXGL Background Thread 3 ] DEBUG Engine               - isMac: false
21:34:58.850 [FXGL Background Thread 3 ] DEBUG Engine               - isMainMenuEnabled: false
21:34:58.850 [FXGL Background Thread 3 ] DEBUG Engine               - isManualResizeEnabled: false
21:34:58.851 [FXGL Background Thread 3 ] DEBUG Engine               - isMobile: false
21:34:58.851 [FXGL Background Thread 3 ] DEBUG Engine               - isNative: false
21:34:58.851 [FXGL Background Thread 3 ] DEBUG Engine               - isPauseMusicWhenMinimized: true
21:34:58.851 [FXGL Background Thread 3 ] DEBUG Engine               - isPreserveResizeRatio: false
21:34:58.852 [FXGL Background Thread 3 ] DEBUG Engine               - isProfilingEnabled: false
21:34:58.852 [FXGL Background Thread 3 ] DEBUG Engine               - isScaleAffectedOnResize: true
21:34:58.852 [FXGL Background Thread 3 ] DEBUG Engine               - isSingleStep: false
21:34:58.852 [FXGL Background Thread 3 ] DEBUG Engine               - isUserProfileEnabled: false
21:34:58.853 [FXGL Background Thread 3 ] DEBUG Engine               - isWindows: true
21:34:58.854 [FXGL Background Thread 3 ] DEBUG Engine               - language: ObjectProperty [value: ENGLISH]
21:34:58.854 [FXGL Background Thread 3 ] DEBUG Engine               - menuKey: ESCAPE
21:34:58.854 [FXGL Background Thread 3 ] DEBUG Engine               - mouseSensitivity: 0.2
21:34:58.854 [FXGL Background Thread 3 ] DEBUG Engine               - notificationViewClass: class com.almasb.fxgl.notification.view.XboxNotificationView
21:34:58.854 [FXGL Background Thread 3 ] DEBUG Engine               - pixelsPerMeter: 50.0
21:34:58.854 [FXGL Background Thread 3 ] DEBUG Engine               - platform: WINDOWS
21:34:58.855 [FXGL Background Thread 3 ] DEBUG Engine               - prefHeightProperty: ReadOnlyDoubleProperty [value: 768.0]
21:34:58.855 [FXGL Background Thread 3 ] DEBUG Engine               - prefWidthProperty: ReadOnlyDoubleProperty [value: 1366.0]
21:34:58.855 [FXGL Background Thread 3 ] DEBUG Engine               - profileDir: profiles/
21:34:58.855 [FXGL Background Thread 3 ] DEBUG Engine               - profileName: StringProperty [value: DEFAULT]
21:34:58.855 [FXGL Background Thread 3 ] DEBUG Engine               - randomSeed: -1
21:34:58.856 [FXGL Background Thread 3 ] DEBUG Engine               - runtimeInfo: RuntimeInfo(platform=WINDOWS, version=17.2, build=20.08.2022 16.50)
21:34:58.856 [FXGL Background Thread 3 ] DEBUG Engine               - saveFileExt: sav
21:34:58.856 [FXGL Background Thread 3 ] DEBUG Engine               - scaledHeightProp$fxgl: DoubleProperty [bound, value: 768.0]
21:34:58.856 [FXGL Background Thread 3 ] DEBUG Engine               - scaledWidthProp$fxgl: DoubleProperty [bound, value: 1366.0]
21:34:58.856 [FXGL Background Thread 3 ] DEBUG Engine               - sceneFactory: com.almasb.fxgl.app.scene.SceneFactory@7d0fce33
21:34:58.856 [FXGL Background Thread 3 ] DEBUG Engine               - secondsIn24h: 60
21:34:58.856 [FXGL Background Thread 3 ] DEBUG Engine               - soundMenuBack: menu/back.wav
21:34:58.856 [FXGL Background Thread 3 ] DEBUG Engine               - soundMenuPress: menu/press.wav
21:34:58.857 [FXGL Background Thread 3 ] DEBUG Engine               - soundMenuSelect: menu/select.wav
21:34:58.857 [FXGL Background Thread 3 ] DEBUG Engine               - soundNotification: core/notification.wav
21:34:58.857 [FXGL Background Thread 3 ] DEBUG Engine               - stageStyle: DECORATED
21:34:58.857 [FXGL Background Thread 3 ] DEBUG Engine               - supportedLanguages: [ENGLISH, FRENCH, GERMAN, HUNGARIAN, RUSSIAN]
21:34:58.857 [FXGL Background Thread 3 ] DEBUG Engine               - ticksPerSecond: -1
21:34:58.857 [FXGL Background Thread 3 ] DEBUG Engine               - title: Untitled
21:34:58.857 [FXGL Background Thread 3 ] DEBUG Engine               - urlGithub: https://github.com/AlmasB/FXGL
21:34:58.857 [FXGL Background Thread 3 ] DEBUG Engine               - urlLeaderboard: http://fxgl-top.herokuapp.com/
21:34:58.857 [FXGL Background Thread 3 ] DEBUG Engine               - urlPOM: https://raw.githubusercontent.com/AlmasB/FXGL/release/README.md
21:34:58.857 [FXGL Background Thread 3 ] DEBUG Engine               - userAppClass: class com.example.javafxprojectusertask.Simulation.SimulationApp
21:34:58.857 [FXGL Background Thread 3 ] DEBUG Engine               - version: 0.0
21:34:58.858 [FXGL Background Thread 3 ] DEBUG Engine               - versionCheckDays: 7
21:34:58.858 [FXGL Background Thread 3 ] DEBUG Engine               - width: 1366
21:34:58.858 [FXGL Background Thread 3 ] DEBUG Engine               - Logging services
21:34:58.858 [FXGL Background Thread 3 ] DEBUG Engine               - class com.almasb.fxgl.app.services.FXGLAssetLoaderService
21:34:58.858 [FXGL Background Thread 3 ] DEBUG Engine               - class com.almasb.fxgl.app.FXGLApplication$GameApplicationService
21:34:58.858 [FXGL Background Thread 3 ] DEBUG Engine               - class com.almasb.fxgl.app.services.FXGLDialogService
21:34:58.858 [FXGL Background Thread 3 ] DEBUG Engine               - class com.almasb.fxgl.app.services.IOTaskExecutorService
21:34:58.858 [FXGL Background Thread 3 ] DEBUG Engine               - class com.almasb.fxgl.io.FileSystemService
21:34:58.858 [FXGL Background Thread 3 ] DEBUG Engine               - class com.almasb.fxgl.localization.LocalizationService
21:34:58.859 [FXGL Background Thread 3 ] DEBUG Engine               - class com.almasb.fxgl.app.services.SystemBundleService
21:34:58.859 [FXGL Background Thread 3 ] DEBUG Engine               - class com.almasb.fxgl.profile.SaveLoadService
21:34:58.859 [FXGL Background Thread 3 ] DEBUG Engine               - class com.almasb.fxgl.ui.FXGLUIFactoryServiceProvider
21:34:58.859 [FXGL Background Thread 3 ] DEBUG Engine               - class com.almasb.fxgl.ui.FXGLDialogFactoryServiceProvider
21:34:58.859 [FXGL Background Thread 3 ] DEBUG Engine               - class com.almasb.fxgl.audio.AudioPlayer
21:34:58.859 [FXGL Background Thread 3 ] DEBUG Engine               - class com.almasb.fxgl.notification.impl.NotificationServiceProvider
21:34:58.859 [FXGL Background Thread 3 ] DEBUG Engine               - class com.almasb.fxgl.achievement.AchievementService
21:34:58.859 [FXGL Background Thread 3 ] DEBUG Engine               - class com.almasb.fxgl.cutscene.CutsceneService
21:34:58.859 [FXGL Background Thread 3 ] DEBUG Engine               - class com.almasb.fxgl.minigames.MiniGameService
21:34:58.859 [FXGL Background Thread 3 ] DEBUG Engine               - class com.almasb.fxgl.net.NetService
21:34:58.859 [FXGL Background Thread 3 ] DEBUG Engine               - class com.almasb.fxgl.app.services.UpdaterService
21:34:58.859 [FXGL Background Thread 3 ] DEBUG Engine               - class com.almasb.fxgl.dev.DevService
21:35:11.186 [JavaFX Application Thread] DEBUG FXGLApplication      - Exiting FXGL
21:35:11.186 [JavaFX Application Thread] DEBUG Async                - Shutting down background threads
21:35:11.187 [JavaFX Application Thread] DEBUG Logger               - Closing Logger
