21:52:14.606 [JavaFX Application Thread] DEBUG Logger               - Configured Logger
21:52:14.619 [JavaFX Application Thread] DEBUG GameApplication      - Logging settings
Title: Untitled
Version: 0.0
Width: 1366
Height: 768
Fullscreen: false
Intro: false
Profiling: false
Single step:false
App Mode: DEVELOPER
Menu Key: ESCAPE
Stage Style: DECORATED
Scene Factory: class com.almasb.fxgl.app.scene.SceneFactory

21:52:14.622 [JavaFX Application Thread] DEBUG FXGLApplication      - Initializing FXGL
21:52:14.628 [JavaFX Application Thread] INFO  Engine               - FXGL-17.2 (20.08.2022 16.50) on WINDOWS (J:17.0.8 FX:20.0.1)
21:52:14.629 [JavaFX Application Thread] DEBUG Engine               - JRE Vendor Name: Oracle Corporation
21:52:14.629 [JavaFX Application Thread] DEBUG Engine               - Running on OS: Windows 10 version 10.0
21:52:14.629 [JavaFX Application Thread] DEBUG Engine               - Architecture: amd64
21:52:14.629 [JavaFX Application Thread] INFO  Engine               - Source code and latest versions at: https://github.com/AlmasB/FXGL
21:52:14.629 [JavaFX Application Thread] INFO  Engine               -       Ask questions and discuss at: https://github.com/AlmasB/FXGL/discussions
21:52:14.629 [JavaFX Application Thread] INFO  Engine               -              Join the FXGL chat at: https://gitter.im/AlmasB/FXGL
21:52:14.678 [JavaFX Application Thread] DEBUG EmbeddedPaneWindow   - Target settings size: 1366.0 x 768.0
21:52:14.678 [JavaFX Application Thread] DEBUG EmbeddedPaneWindow   - Scaled scene size:    1366.0 x 768.0
21:52:14.679 [JavaFX Application Thread] DEBUG EmbeddedPaneWindow   - Scaled ratio: (1.0, 1.0)
21:52:14.681 [JavaFX Application Thread] DEBUG EmbeddedPaneWindow   - Set initial scene to FXGLStartupScene
21:52:14.682 [JavaFX Application Thread] DEBUG EmbeddedPaneWindow   - Opening embedded window
21:52:14.684 [JavaFX Application Thread] DEBUG EmbeddedPaneWindow   - Window border size: (0, 0)
21:52:14.685 [JavaFX Application Thread] DEBUG EmbeddedPaneWindow   - Scaled size: 1366.0 x 768.0
21:52:14.685 [JavaFX Application Thread] DEBUG EmbeddedPaneWindow   - Scaled ratio: (1.0, 1.0)
21:52:14.691 [FXGL Background Thread 1 ] DEBUG Engine               - Initializing environment variables
21:52:14.725 [FXGL Background Thread 1 ] DEBUG FXGLAssetLoaderServi - User app class for loading assets: class com.example.javafxprojectusertask.Simulation.SimulationApp
21:52:14.725 [FXGL Background Thread 1 ] DEBUG GameApplicationServi - Applying CSS: fxgl_dark.css
21:52:14.727 [FXGL Background Thread 1 ] DEBUG FXGLAssetLoaderServi - Loading from file system: jar:file:///C:/Users/Wicked/.m2/repository/com/github/almasb/fxgl/17.2/fxgl-17.2.jar!/fxglassets/ui/css/fxgl_dark.css
21:52:14.745 [FXGL Background Thread 1 ] DEBUG GameApplicationServi - Initializing application scenes
21:52:14.759 [FXGL Background Thread 1 ] DEBUG GameWorld            - Game world initialized
21:52:14.816 [FXGL Background Thread 1 ] DEBUG PhysicsWorld         - Physics world initialized: appHeight=768, physics.ppm=50,0
21:52:14.816 [FXGL Background Thread 1 ] DEBUG PhysicsWorld         - Using strategy: BRUTE_FORCE
21:52:14.826 [FXGL Background Thread 1 ] DEBUG GameScene            - Game scene initialized: 1366x768
21:52:14.852 [FXGL Background Thread 1 ] DEBUG FXGL.DefaultMenu     - createMenuBodyGameMenu()
21:52:14.865 [FXGL Background Thread 1 ] DEBUG FXGL.DefaultMenu     - createOptionsMenu()
21:52:14.875 [FXGL Background Thread 1 ] DEBUG FXGLAssetLoaderServi - Loading from file system: jar:file:///C:/Users/Wicked/.m2/repository/com/github/almasb/fxgl/17.2/fxgl-17.2.jar!/fxglassets/textures/particles/smoke.png
21:52:14.952 [FXGL Background Thread 1 ] DEBUG FXGLAssetLoaderServi - Loading from file system: jar:file:///C:/Users/Wicked/.m2/repository/com/github/almasb/fxgl/17.2/fxgl-17.2.jar!/fxglassets/textures/particles/trace_horizontal.png
21:52:14.969 [FXGL Background Thread 1 ] DEBUG GameApplicationServi - Application scenes initialized
21:52:14.976 [FXGL Background Thread 1 ] DEBUG SystemBundleService  - Loading FXGL system data
21:52:14.979 [FXGL Background Thread 1 ] WARN  SystemBundleService  - Failed to load: java.io.FileNotFoundException: C:\Users\Wicked\Desktop\JavaFxProject\JavaFxProjectUserTask\system\fxgl.bundle (Le fichier spécifié est introuvable)
21:52:14.979 [FXGL Background Thread 1 ] DEBUG SystemBundleService  - Loading default FXGL system data
21:52:14.980 [FXGL Background Thread 1 ] DEBUG UpdaterService       - Checking for updates
21:52:14.984 [FXGL Background Thread 4 ] DEBUG FXGLApplication      - Loading fonts
21:52:14.984 [FXGL Background Thread 4 ] DEBUG FXGLAssetLoaderServi - Loading from file system: jar:file:///C:/Users/Wicked/.m2/repository/com/github/almasb/fxgl/17.2/fxgl-17.2.jar!/fxglassets/ui/fonts/VarelaRound-Regular.ttf
21:52:14.984 [FXGL Background Thread 1 ] DEBUG FXGLApplication      - Loading default localization
21:52:14.985 [FXGL Background Thread 1 ] DEBUG FXGLAssetLoaderServi - Loading from file system: jar:file:///C:/Users/Wicked/.m2/repository/com/github/almasb/fxgl/17.2/fxgl-17.2.jar!/fxglassets/languages/english.lang
21:52:15.010 [FXGL Background Thread 1 ] INFO  FXGLApplication      - FXGL initialization took: 0,318 sec
21:52:15.023 [JavaFX Application Thread] DEBUG Input                - Registered new binding: action0 - Z
21:52:15.024 [JavaFX Application Thread] DEBUG Input                - Registered new binding: action1 - Q
21:52:15.024 [JavaFX Application Thread] DEBUG Input                - Registered new binding: action2 - D
21:52:15.025 [JavaFX Application Thread] DEBUG Input                - Registered new binding: action3 - F
21:52:15.026 [JavaFX Application Thread] DEBUG Input                - Registered new binding: action4 - R
21:52:15.026 [JavaFX Application Thread] DEBUG Input                - Registered new binding: action5 - C
21:52:15.027 [JavaFX Application Thread] DEBUG Input                - Registered new binding: action6 - P
21:52:15.027 [JavaFX Application Thread] DEBUG FXGLAssetLoaderServi - Loading from file system: jar:file:///C:/Users/Wicked/.m2/repository/com/github/almasb/fxgl/17.2/fxgl-17.2.jar!/fxglassets/textures/fxgl_icon.png
21:52:15.031 [JavaFX Application Thread] DEBUG FXGLAssetLoaderServi - Loading from file system: jar:file:///C:/Users/Wicked/.m2/repository/com/github/almasb/fxgl/17.2/fxgl-17.2.jar!/fxglassets/textures/fxgl_default_cursor.png
21:52:15.034 [JavaFX Application Thread] DEBUG Input                - Registered new binding: Screenshot - CTRL+8
21:52:15.034 [JavaFX Application Thread] DEBUG Input                - Registered new binding: System info dump - CTRL+9
21:52:15.035 [JavaFX Application Thread] DEBUG Input                - Registered new binding: Restart - CTRL+R
21:52:15.036 [JavaFX Application Thread] DEBUG Input                - Registered new binding: Toggle Debug Camera - CTRL+7
21:52:15.038 [JavaFX Application Thread] DEBUG LoopRunner           - Starting loop
21:52:15.039 [JavaFX Application Thread] DEBUG LoopRunner           - Initializing JavaFX AnimationTimerLoop
21:52:15.041 [JavaFX Application Thread] DEBUG GameApplicationServi - Starting new game
21:52:15.042 [JavaFX Application Thread] DEBUG Input                - Clearing active input actions
21:52:15.044 [JavaFX Application Thread] DEBUG GameApplicationServi - Removing overlay from FXGLStartupScene and adding to FXGLLoadingScene
21:52:15.044 [JavaFX Application Thread] DEBUG EmbeddedPaneWindow   - FXGLStartupScene -> FXGLLoadingScene
21:52:15.044 [JavaFX Application Thread] DEBUG GameApplicationServi - Clearing previous game
21:52:15.045 [JavaFX Application Thread] DEBUG GameScene            - Clearing game scene
21:52:15.045 [JavaFX Application Thread] DEBUG GameWorld            - Clearing game world
21:52:15.045 [JavaFX Application Thread] DEBUG PhysicsWorld         - Clearing physics world
21:52:15.047 [FXGL Background Thread 1 ] DEBUG FXGLApplication      - Initializing game
21:52:15.055 [FXGL Background Thread 4 ] DEBUG FXGLAssetLoaderServi - Loading from file system: jar:file:///C:/Users/Wicked/.m2/repository/com/github/almasb/fxgl/17.2/fxgl-17.2.jar!/fxglassets/ui/fonts/Abel-Regular.ttf
21:52:15.060 [FXGL Background Thread 4 ] DEBUG FXGLAssetLoaderServi - Loading from file system: jar:file:///C:/Users/Wicked/.m2/repository/com/github/almasb/fxgl/17.2/fxgl-17.2.jar!/fxglassets/ui/fonts/TerminalLandMono-Regular.otf
21:52:15.065 [FXGL Background Thread 4 ] DEBUG FXGLAssetLoaderServi - Loading from file system: jar:file:///C:/Users/Wicked/.m2/repository/com/github/almasb/fxgl/17.2/fxgl-17.2.jar!/fxglassets/ui/fonts/Courier-Prime.ttf
21:52:15.086 [JavaFX Application Thread] DEBUG FXGLApplication      - Registering font factories with UI factory
21:52:15.606 [FXGL Background Thread 2 ] INFO  UpdaterService       - Your current version:  17.2
21:52:15.606 [FXGL Background Thread 2 ] INFO  UpdaterService       - Latest stable version: 21
21:52:15.773 [FXGL Background Thread 1 ] INFO  FXGLApplication      - Game initialization took: 0,726 sec
21:52:15.775 [JavaFX Application Thread] DEBUG Input                - Clearing active input actions
21:52:15.779 [JavaFX Application Thread] DEBUG GameApplicationServi - Removing overlay from FXGLLoadingScene and adding to GameScene
21:52:15.779 [JavaFX Application Thread] DEBUG EmbeddedPaneWindow   - FXGLLoadingScene -> GameScene
21:52:17.078 [JavaFX Application Thread] WARN  FXGLAssetLoaderServi - Asset "/assets/text/refuse.txt" was not found!
21:52:17.078 [JavaFX Application Thread] WARN  FXGLAssetLoaderServi - Failed to load TEXT
21:52:17.089 [JavaFX Application Thread] DEBUG Input                - Registered new binding: Next RPG Line - Enter
21:52:17.090 [JavaFX Application Thread] DEBUG EmbeddedPaneWindow   - Push state: CutsceneScene
21:52:17.091 [JavaFX Application Thread] DEBUG Input                - Clearing active input actions
21:52:17.092 [JavaFX Application Thread] DEBUG GameApplicationServi - Removing overlay from GameScene and adding to CutsceneScene
21:52:17.092 [JavaFX Application Thread] DEBUG EmbeddedPaneWindow   - GameScene -> CutsceneScene
21:52:17.984 [FXGL Background Thread 3 ] DEBUG Engine               - Logging environment variables
21:52:17.986 [FXGL Background Thread 3 ] DEBUG Engine               - achievements: []
21:52:17.987 [FXGL Background Thread 3 ] DEBUG Engine               - actualHeight: 768.0
21:52:17.987 [FXGL Background Thread 3 ] DEBUG Engine               - actualHeightProperty: ReadOnlyDoubleProperty [value: 768.0]
21:52:17.987 [FXGL Background Thread 3 ] DEBUG Engine               - actualWidth: 1366.0
21:52:17.988 [FXGL Background Thread 3 ] DEBUG Engine               - actualWidthProperty: ReadOnlyDoubleProperty [value: 1366.0]
21:52:17.988 [FXGL Background Thread 3 ] DEBUG Engine               - appIcon: fxgl_icon.png
21:52:17.988 [FXGL Background Thread 3 ] DEBUG Engine               - applicationMode: DEVELOPER
21:52:17.989 [FXGL Background Thread 3 ] DEBUG Engine               - cSSList: [fxgl_dark.css]
21:52:17.989 [FXGL Background Thread 3 ] DEBUG Engine               - collisionDetectionStrategy: BRUTE_FORCE
21:52:17.989 [FXGL Background Thread 3 ] DEBUG Engine               - configClass: Optional.empty
21:52:17.989 [FXGL Background Thread 3 ] DEBUG Engine               - credits: []
21:52:17.990 [FXGL Background Thread 3 ] DEBUG Engine               - defaultCursor: CursorInfo(imageName=fxgl_default_cursor.png, hotspotX=7.0, hotspotY=6.0)
21:52:17.991 [FXGL Background Thread 3 ] DEBUG Engine               - devBBoxColorProperty: ObjectProperty [value: 0xff0000ff]
21:52:17.991 [FXGL Background Thread 3 ] DEBUG Engine               - devEnableDebugCameraProperty: BooleanProperty [value: false]
21:52:17.991 [FXGL Background Thread 3 ] DEBUG Engine               - devSensorColorProperty: ObjectProperty [value: 0xffff00ff]
21:52:17.991 [FXGL Background Thread 3 ] DEBUG Engine               - devShowBBoxProperty: BooleanProperty [value: false]
21:52:17.991 [FXGL Background Thread 3 ] DEBUG Engine               - devShowPositionProperty: BooleanProperty [value: false]
21:52:17.991 [FXGL Background Thread 3 ] DEBUG Engine               - enabledMenuItems: []
21:52:17.991 [FXGL Background Thread 3 ] DEBUG Engine               - engineServices: [class com.almasb.fxgl.app.services.FXGLAssetLoaderService, class com.almasb.fxgl.app.FXGLApplication$GameApplicationService, class com.almasb.fxgl.app.services.FXGLDialogService, class com.almasb.fxgl.app.services.IOTaskExecutorService, class com.almasb.fxgl.io.FileSystemService, class com.almasb.fxgl.localization.LocalizationService, class com.almasb.fxgl.app.services.SystemBundleService, class com.almasb.fxgl.profile.SaveLoadService, class com.almasb.fxgl.ui.FXGLUIFactoryServiceProvider, class com.almasb.fxgl.ui.FXGLDialogFactoryServiceProvider, class com.almasb.fxgl.audio.AudioPlayer, class com.almasb.fxgl.notification.impl.NotificationServiceProvider, class com.almasb.fxgl.achievement.AchievementService, class com.almasb.fxgl.cutscene.CutsceneService, class com.almasb.fxgl.minigames.MiniGameService, class com.almasb.fxgl.net.NetService, class com.almasb.fxgl.app.services.UpdaterService, class com.almasb.fxgl.dev.DevService]
21:52:17.991 [FXGL Background Thread 3 ] DEBUG Engine               - fontGame: Abel-Regular.ttf
21:52:17.991 [FXGL Background Thread 3 ] DEBUG Engine               - fontMono: TerminalLandMono-Regular.otf
21:52:17.991 [FXGL Background Thread 3 ] DEBUG Engine               - fontText: Courier-Prime.ttf
21:52:17.991 [FXGL Background Thread 3 ] DEBUG Engine               - fontUI: VarelaRound-Regular.ttf
21:52:17.991 [FXGL Background Thread 3 ] DEBUG Engine               - fullScreen: BooleanProperty [value: false]
21:52:17.991 [FXGL Background Thread 3 ] DEBUG Engine               - gameDifficulty: MEDIUM
21:52:17.991 [FXGL Background Thread 3 ] DEBUG Engine               - gameDifficultyProperty: ObjectProperty [value: MEDIUM]
21:52:17.992 [FXGL Background Thread 3 ] DEBUG Engine               - globalMusicVolume: 0.5
21:52:17.992 [FXGL Background Thread 3 ] DEBUG Engine               - globalMusicVolumeProperty: DoubleProperty [value: 0.5]
21:52:17.992 [FXGL Background Thread 3 ] DEBUG Engine               - globalSoundVolume: 0.5
21:52:17.992 [FXGL Background Thread 3 ] DEBUG Engine               - globalSoundVolumeProperty: DoubleProperty [value: 0.5]
21:52:17.992 [FXGL Background Thread 3 ] DEBUG Engine               - height: 768
21:52:17.992 [FXGL Background Thread 3 ] DEBUG Engine               - is3D: true
21:52:17.992 [FXGL Background Thread 3 ] DEBUG Engine               - isAndroid: false
21:52:17.992 [FXGL Background Thread 3 ] DEBUG Engine               - isBrowser: false
21:52:17.992 [FXGL Background Thread 3 ] DEBUG Engine               - isClickFeedbackEnabled: false
21:52:17.992 [FXGL Background Thread 3 ] DEBUG Engine               - isCloseConfirmation: false
21:52:17.992 [FXGL Background Thread 3 ] DEBUG Engine               - isDesktop: true
21:52:17.992 [FXGL Background Thread 3 ] DEBUG Engine               - isDeveloperMenuEnabled: false
21:52:17.992 [FXGL Background Thread 3 ] DEBUG Engine               - isEmbedded: false
21:52:17.992 [FXGL Background Thread 3 ] DEBUG Engine               - isEntityPreloadEnabled: true
21:52:17.992 [FXGL Background Thread 3 ] DEBUG Engine               - isExperimentalTiledLargeMap: false
21:52:17.992 [FXGL Background Thread 3 ] DEBUG Engine               - isFileSystemWriteAllowed: true
21:52:17.993 [FXGL Background Thread 3 ] DEBUG Engine               - isFullScreenAllowed: false
21:52:17.993 [FXGL Background Thread 3 ] DEBUG Engine               - isFullScreenFromStart: false
21:52:17.993 [FXGL Background Thread 3 ] DEBUG Engine               - isGameMenuEnabled: true
21:52:17.993 [FXGL Background Thread 3 ] DEBUG Engine               - isIOS: false
21:52:17.993 [FXGL Background Thread 3 ] DEBUG Engine               - isIntroEnabled: false
21:52:17.993 [FXGL Background Thread 3 ] DEBUG Engine               - isLinux: false
21:52:17.993 [FXGL Background Thread 3 ] DEBUG Engine               - isMac: false
21:52:17.993 [FXGL Background Thread 3 ] DEBUG Engine               - isMainMenuEnabled: false
21:52:17.993 [FXGL Background Thread 3 ] DEBUG Engine               - isManualResizeEnabled: false
21:52:17.993 [FXGL Background Thread 3 ] DEBUG Engine               - isMobile: false
21:52:17.993 [FXGL Background Thread 3 ] DEBUG Engine               - isNative: false
21:52:17.993 [FXGL Background Thread 3 ] DEBUG Engine               - isPauseMusicWhenMinimized: true
21:52:17.993 [FXGL Background Thread 3 ] DEBUG Engine               - isPreserveResizeRatio: false
21:52:17.993 [FXGL Background Thread 3 ] DEBUG Engine               - isProfilingEnabled: false
21:52:17.993 [FXGL Background Thread 3 ] DEBUG Engine               - isScaleAffectedOnResize: true
21:52:17.993 [FXGL Background Thread 3 ] DEBUG Engine               - isSingleStep: false
21:52:17.993 [FXGL Background Thread 3 ] DEBUG Engine               - isUserProfileEnabled: false
21:52:17.994 [FXGL Background Thread 3 ] DEBUG Engine               - isWindows: true
21:52:17.994 [FXGL Background Thread 3 ] DEBUG Engine               - language: ObjectProperty [value: ENGLISH]
21:52:17.994 [FXGL Background Thread 3 ] DEBUG Engine               - menuKey: ESCAPE
21:52:17.994 [FXGL Background Thread 3 ] DEBUG Engine               - mouseSensitivity: 0.2
21:52:17.994 [FXGL Background Thread 3 ] DEBUG Engine               - notificationViewClass: class com.almasb.fxgl.notification.view.XboxNotificationView
21:52:17.994 [FXGL Background Thread 3 ] DEBUG Engine               - pixelsPerMeter: 50.0
21:52:17.994 [FXGL Background Thread 3 ] DEBUG Engine               - platform: WINDOWS
21:52:17.994 [FXGL Background Thread 3 ] DEBUG Engine               - prefHeightProperty: ReadOnlyDoubleProperty [value: 768.0]
21:52:17.994 [FXGL Background Thread 3 ] DEBUG Engine               - prefWidthProperty: ReadOnlyDoubleProperty [value: 1366.0]
21:52:17.994 [FXGL Background Thread 3 ] DEBUG Engine               - profileDir: profiles/
21:52:17.994 [FXGL Background Thread 3 ] DEBUG Engine               - profileName: StringProperty [value: DEFAULT]
21:52:17.994 [FXGL Background Thread 3 ] DEBUG Engine               - randomSeed: -1
21:52:17.995 [FXGL Background Thread 3 ] DEBUG Engine               - runtimeInfo: RuntimeInfo(platform=WINDOWS, version=17.2, build=20.08.2022 16.50)
21:52:17.995 [FXGL Background Thread 3 ] DEBUG Engine               - saveFileExt: sav
21:52:17.995 [FXGL Background Thread 3 ] DEBUG Engine               - scaledHeightProp$fxgl: DoubleProperty [bound, value: 768.0]
21:52:17.995 [FXGL Background Thread 3 ] DEBUG Engine               - scaledWidthProp$fxgl: DoubleProperty [bound, value: 1366.0]
21:52:17.995 [FXGL Background Thread 3 ] DEBUG Engine               - sceneFactory: com.almasb.fxgl.app.scene.SceneFactory@7fa5ae1d
21:52:17.995 [FXGL Background Thread 3 ] DEBUG Engine               - secondsIn24h: 60
21:52:17.995 [FXGL Background Thread 3 ] DEBUG Engine               - soundMenuBack: menu/back.wav
21:52:17.995 [FXGL Background Thread 3 ] DEBUG Engine               - soundMenuPress: menu/press.wav
21:52:17.995 [FXGL Background Thread 3 ] DEBUG Engine               - soundMenuSelect: menu/select.wav
21:52:17.995 [FXGL Background Thread 3 ] DEBUG Engine               - soundNotification: core/notification.wav
21:52:17.995 [FXGL Background Thread 3 ] DEBUG Engine               - stageStyle: DECORATED
21:52:17.995 [FXGL Background Thread 3 ] DEBUG Engine               - supportedLanguages: [ENGLISH, FRENCH, GERMAN, HUNGARIAN, RUSSIAN]
21:52:17.995 [FXGL Background Thread 3 ] DEBUG Engine               - ticksPerSecond: -1
21:52:17.996 [FXGL Background Thread 3 ] DEBUG Engine               - title: Untitled
21:52:17.996 [FXGL Background Thread 3 ] DEBUG Engine               - urlGithub: https://github.com/AlmasB/FXGL
21:52:17.996 [FXGL Background Thread 3 ] DEBUG Engine               - urlLeaderboard: http://fxgl-top.herokuapp.com/
21:52:17.996 [FXGL Background Thread 3 ] DEBUG Engine               - urlPOM: https://raw.githubusercontent.com/AlmasB/FXGL/release/README.md
21:52:17.996 [FXGL Background Thread 3 ] DEBUG Engine               - userAppClass: class com.example.javafxprojectusertask.Simulation.SimulationApp
21:52:17.996 [FXGL Background Thread 3 ] DEBUG Engine               - version: 0.0
21:52:17.996 [FXGL Background Thread 3 ] DEBUG Engine               - versionCheckDays: 7
21:52:17.996 [FXGL Background Thread 3 ] DEBUG Engine               - width: 1366
21:52:17.996 [FXGL Background Thread 3 ] DEBUG Engine               - Logging services
21:52:17.996 [FXGL Background Thread 3 ] DEBUG Engine               - class com.almasb.fxgl.app.services.FXGLAssetLoaderService
21:52:17.996 [FXGL Background Thread 3 ] DEBUG Engine               - class com.almasb.fxgl.app.FXGLApplication$GameApplicationService
21:52:17.996 [FXGL Background Thread 3 ] DEBUG Engine               - class com.almasb.fxgl.app.services.FXGLDialogService
21:52:17.996 [FXGL Background Thread 3 ] DEBUG Engine               - class com.almasb.fxgl.app.services.IOTaskExecutorService
21:52:17.996 [FXGL Background Thread 3 ] DEBUG Engine               - class com.almasb.fxgl.io.FileSystemService
21:52:17.996 [FXGL Background Thread 3 ] DEBUG Engine               - class com.almasb.fxgl.localization.LocalizationService
21:52:17.996 [FXGL Background Thread 3 ] DEBUG Engine               - class com.almasb.fxgl.app.services.SystemBundleService
21:52:17.996 [FXGL Background Thread 3 ] DEBUG Engine               - class com.almasb.fxgl.profile.SaveLoadService
21:52:17.996 [FXGL Background Thread 3 ] DEBUG Engine               - class com.almasb.fxgl.ui.FXGLUIFactoryServiceProvider
21:52:17.996 [FXGL Background Thread 3 ] DEBUG Engine               - class com.almasb.fxgl.ui.FXGLDialogFactoryServiceProvider
21:52:17.996 [FXGL Background Thread 3 ] DEBUG Engine               - class com.almasb.fxgl.audio.AudioPlayer
21:52:17.997 [FXGL Background Thread 3 ] DEBUG Engine               - class com.almasb.fxgl.notification.impl.NotificationServiceProvider
21:52:17.997 [FXGL Background Thread 3 ] DEBUG Engine               - class com.almasb.fxgl.achievement.AchievementService
21:52:17.997 [FXGL Background Thread 3 ] DEBUG Engine               - class com.almasb.fxgl.cutscene.CutsceneService
21:52:17.997 [FXGL Background Thread 3 ] DEBUG Engine               - class com.almasb.fxgl.minigames.MiniGameService
21:52:17.997 [FXGL Background Thread 3 ] DEBUG Engine               - class com.almasb.fxgl.net.NetService
21:52:17.997 [FXGL Background Thread 3 ] DEBUG Engine               - class com.almasb.fxgl.app.services.UpdaterService
21:52:17.997 [FXGL Background Thread 3 ] DEBUG Engine               - class com.almasb.fxgl.dev.DevService
21:52:18.869 [JavaFX Application Thread] DEBUG EmbeddedPaneWindow   - Pop state: CutsceneScene
21:52:18.869 [JavaFX Application Thread] DEBUG Input                - Clearing active input actions
21:52:18.869 [JavaFX Application Thread] DEBUG GameApplicationServi - Removing overlay from CutsceneScene and adding to GameScene
21:52:18.870 [JavaFX Application Thread] DEBUG EmbeddedPaneWindow   - GameScene <- CutsceneScene
21:52:24.949 [JavaFX Application Thread] WARN  FXGLAssetLoaderServi - Asset "/assets/text/refuse.txt" was not found!
21:52:24.950 [JavaFX Application Thread] WARN  FXGLAssetLoaderServi - Failed to load TEXT
21:52:24.950 [JavaFX Application Thread] DEBUG EmbeddedPaneWindow   - Push state: CutsceneScene
21:52:24.951 [JavaFX Application Thread] DEBUG Input                - Clearing active input actions
21:52:24.952 [JavaFX Application Thread] DEBUG GameApplicationServi - Removing overlay from GameScene and adding to CutsceneScene
21:52:24.953 [JavaFX Application Thread] DEBUG EmbeddedPaneWindow   - GameScene -> CutsceneScene
21:52:28.436 [JavaFX Application Thread] DEBUG EmbeddedPaneWindow   - Pop state: CutsceneScene
21:52:28.436 [JavaFX Application Thread] DEBUG Input                - Clearing active input actions
21:52:28.438 [JavaFX Application Thread] DEBUG GameApplicationServi - Removing overlay from CutsceneScene and adding to GameScene
21:52:28.438 [JavaFX Application Thread] DEBUG EmbeddedPaneWindow   - GameScene <- CutsceneScene
21:52:28.668 [JavaFX Application Thread] DEBUG EmbeddedPaneWindow   - Push state: FXGLDefaultMenu
21:52:28.669 [JavaFX Application Thread] DEBUG Input                - Clearing active input actions
21:52:28.673 [JavaFX Application Thread] DEBUG GameApplicationServi - Removing overlay from GameScene and adding to FXGLDefaultMenu
21:52:28.674 [JavaFX Application Thread] DEBUG EmbeddedPaneWindow   - GameScene -> FXGLDefaultMenu
21:52:34.109 [JavaFX Application Thread] DEBUG Menu                 - fireResume()
21:52:34.112 [JavaFX Application Thread] DEBUG EmbeddedPaneWindow   - Pop state: FXGLDefaultMenu
21:52:34.112 [JavaFX Application Thread] DEBUG Input                - Clearing active input actions
21:52:34.114 [JavaFX Application Thread] DEBUG GameApplicationServi - Removing overlay from FXGLDefaultMenu and adding to GameScene
21:52:34.114 [JavaFX Application Thread] DEBUG EmbeddedPaneWindow   - GameScene <- FXGLDefaultMenu
21:52:34.824 [JavaFX Application Thread] DEBUG LoopRunner           - Stopping loop
21:52:34.826 [JavaFX Application Thread] FATAL FXGLApplication      - Uncaught Exception:
java.lang.IllegalStateException: Location is not set.
	at javafx.fxml@20.0.1/javafx.fxml.FXMLLoader.loadImpl(FXMLLoader.java:2556)
	at javafx.fxml@20.0.1/javafx.fxml.FXMLLoader.load(FXMLLoader.java:2531)
	at com.example.javafxprojectusertask/com.example.javafxprojectusertask.Controller.AdminController.Dossier.DossierManagmentController.goBackToScene(DossierManagmentController.java:229)
	at com.example.javafxprojectusertask/com.example.javafxprojectusertask.Simulation.SimulationApp.lambda$initInput$6(SimulationApp.java:183)
	at com.almasb.fxgl.all@17.2/com.almasb.fxgl.dsl.FXGL$Companion$onKey$1.onAction(FXGL.kt:500)
	at com.almasb.fxgl.core@17.2/com.almasb.fxgl.input.UserAction.action$fxgl_core(UserAction.kt:38)
	at com.almasb.fxgl.core@17.2/com.almasb.fxgl.input.Input.update(Input.kt:288)
	at com.almasb.fxgl.scene@17.2/com.almasb.fxgl.scene.Scene.update(Scene.kt:103)
	at com.almasb.fxgl.all@17.2/com.almasb.fxgl.app.MainWindow$update$1.invoke(MainWindow.kt:115)
	at com.almasb.fxgl.all@17.2/com.almasb.fxgl.app.MainWindow$update$1.invoke(MainWindow.kt:115)
	at com.almasb.fxgl.core@17.2/com.almasb.fxgl.core.fsm.StateMachine.runOnActiveStates(StateMachine.kt:69)
	at com.almasb.fxgl.all@17.2/com.almasb.fxgl.app.MainWindow.update(MainWindow.kt:115)
	at com.almasb.fxgl.all@17.2/com.almasb.fxgl.app.FXGLApplication$GameApplicationService.onUpdate(FXGLApplication.kt:426)
	at com.almasb.fxgl.all@17.2/com.almasb.fxgl.app.Engine.loop(Engine.kt:134)
	at com.almasb.fxgl.all@17.2/com.almasb.fxgl.app.Engine.access$loop(Engine.kt:24)
	at com.almasb.fxgl.all@17.2/com.almasb.fxgl.app.Engine$loop$1.invoke(Engine.kt:28)
	at com.almasb.fxgl.all@17.2/com.almasb.fxgl.app.Engine$loop$1.invoke(Engine.kt:28)
	at com.almasb.fxgl.all@17.2/com.almasb.fxgl.app.LoopRunner.frame(LoopRunner.kt:103)
	at com.almasb.fxgl.all@17.2/com.almasb.fxgl.app.LoopRunner.access$frame(LoopRunner.kt:23)
	at com.almasb.fxgl.all@17.2/com.almasb.fxgl.app.LoopRunner$impl$2$1.onTick(LoopRunner.kt:57)
	at com.almasb.fxgl.all@17.2/com.almasb.fxgl.app.AnimationTimerLoop$timer$1.handle(LoopRunner.kt:137)
	at javafx.graphics@20.0.1/javafx.animation.AnimationTimer$AnimationTimerReceiver.lambda$handle$0(AnimationTimer.java:58)
	at java.base/java.security.AccessController.doPrivileged(AccessController.java:399)
	at javafx.graphics@20.0.1/javafx.animation.AnimationTimer$AnimationTimerReceiver.handle(AnimationTimer.java:57)
	at javafx.graphics@20.0.1/com.sun.scenario.animation.AbstractPrimaryTimer.timePulseImpl(AbstractPrimaryTimer.java:356)
	at javafx.graphics@20.0.1/com.sun.scenario.animation.AbstractPrimaryTimer$MainLoop.run(AbstractPrimaryTimer.java:266)
	at javafx.graphics@20.0.1/com.sun.javafx.tk.quantum.QuantumToolkit.pulse(QuantumToolkit.java:588)
	at javafx.graphics@20.0.1/com.sun.javafx.tk.quantum.QuantumToolkit.pulse(QuantumToolkit.java:572)
	at javafx.graphics@20.0.1/com.sun.javafx.tk.quantum.QuantumToolkit.pulseFromQueue(QuantumToolkit.java:565)
	at javafx.graphics@20.0.1/com.sun.javafx.tk.quantum.QuantumToolkit.lambda$runToolkit$11(QuantumToolkit.java:352)
	at javafx.graphics@20.0.1/com.sun.glass.ui.InvokeLaterDispatcher$Future.run(InvokeLaterDispatcher.java:95)
	at javafx.graphics@20.0.1/com.sun.glass.ui.win.WinApplication._runLoop(Native Method)
	at javafx.graphics@20.0.1/com.sun.glass.ui.win.WinApplication.lambda$runLoop$3(WinApplication.java:185)
	at java.base/java.lang.Thread.run(Thread.java:833)

21:52:34.827 [JavaFX Application Thread] FATAL FXGLApplication      - Application will now exit
21:52:34.856 [JavaFX Application Thread] DEBUG EmbeddedPaneWindow   - Push state: ErrorSubScene
21:52:34.856 [JavaFX Application Thread] DEBUG Input                - Clearing active input actions
21:52:34.858 [JavaFX Application Thread] DEBUG GameApplicationServi - Removing overlay from GameScene and adding to ErrorSubScene
21:52:34.859 [JavaFX Application Thread] DEBUG EmbeddedPaneWindow   - GameScene -> ErrorSubScene
21:52:42.733 [JavaFX Application Thread] DEBUG FXGLApplication      - Exiting FXGL
21:52:42.733 [JavaFX Application Thread] DEBUG Async                - Shutting down background threads
21:52:42.733 [JavaFX Application Thread] DEBUG Logger               - Closing Logger
