18:19:36.814 [JavaFX Application Thread] DEBUG Logger               - Configured Logger
18:19:36.824 [JavaFX Application Thread] DEBUG GameApplication      - Logging settings
Title: Untitled
Version: 0.0
Width: 1366
Height: 768
Fullscreen: false
Intro: false
Profiling: false
Single step:false
App Mode: DEVELOPER
Menu Key: ESCAPE
Stage Style: DECORATED
Scene Factory: class com.almasb.fxgl.app.scene.SceneFactory

18:19:36.826 [JavaFX Application Thread] DEBUG FXGLApplication      - Initializing FXGL
18:19:36.833 [JavaFX Application Thread] INFO  Engine               - FXGL-17.2 (20.08.2022 16.50) on WINDOWS (J:17.0.8 FX:20.0.1)
18:19:36.834 [JavaFX Application Thread] DEBUG Engine               - JRE Vendor Name: Oracle Corporation
18:19:36.834 [JavaFX Application Thread] DEBUG Engine               - Running on OS: Windows 10 version 10.0
18:19:36.834 [JavaFX Application Thread] DEBUG Engine               - Architecture: amd64
18:19:36.834 [JavaFX Application Thread] INFO  Engine               - Source code and latest versions at: https://github.com/AlmasB/FXGL
18:19:36.834 [JavaFX Application Thread] INFO  Engine               -       Ask questions and discuss at: https://github.com/AlmasB/FXGL/discussions
18:19:36.834 [JavaFX Application Thread] INFO  Engine               -              Join the FXGL chat at: https://gitter.im/AlmasB/FXGL
18:19:36.884 [JavaFX Application Thread] DEBUG EmbeddedPaneWindow   - Target settings size: 1366.0 x 768.0
18:19:36.885 [JavaFX Application Thread] DEBUG EmbeddedPaneWindow   - Scaled scene size:    1366.0 x 768.0
18:19:36.885 [JavaFX Application Thread] DEBUG EmbeddedPaneWindow   - Scaled ratio: (1.0, 1.0)
18:19:36.888 [JavaFX Application Thread] DEBUG EmbeddedPaneWindow   - Set initial scene to FXGLStartupScene
18:19:36.889 [JavaFX Application Thread] DEBUG EmbeddedPaneWindow   - Opening embedded window
18:19:36.890 [JavaFX Application Thread] DEBUG EmbeddedPaneWindow   - Window border size: (0, 0)
18:19:36.891 [JavaFX Application Thread] DEBUG EmbeddedPaneWindow   - Scaled size: 1366.0 x 768.0
18:19:36.891 [JavaFX Application Thread] DEBUG EmbeddedPaneWindow   - Scaled ratio: (1.0, 1.0)
18:19:36.897 [FXGL Background Thread 1 ] DEBUG Engine               - Initializing environment variables
18:19:36.925 [FXGL Background Thread 1 ] DEBUG FXGLAssetLoaderServi - User app class for loading assets: class com.example.javafxprojectusertask.Simulation.SimulationApp
18:19:36.926 [FXGL Background Thread 1 ] DEBUG GameApplicationServi - Applying CSS: fxgl_dark.css
18:19:36.927 [FXGL Background Thread 1 ] DEBUG FXGLAssetLoaderServi - Loading from file system: jar:file:///C:/Users/Wicked/.m2/repository/com/github/almasb/fxgl/17.2/fxgl-17.2.jar!/fxglassets/ui/css/fxgl_dark.css
18:19:36.946 [FXGL Background Thread 1 ] DEBUG GameApplicationServi - Initializing application scenes
18:19:36.961 [FXGL Background Thread 1 ] DEBUG GameWorld            - Game world initialized
18:19:37.027 [FXGL Background Thread 1 ] DEBUG PhysicsWorld         - Physics world initialized: appHeight=768, physics.ppm=50,0
18:19:37.027 [FXGL Background Thread 1 ] DEBUG PhysicsWorld         - Using strategy: BRUTE_FORCE
18:19:37.037 [FXGL Background Thread 1 ] DEBUG GameScene            - Game scene initialized: 1366x768
18:19:37.064 [FXGL Background Thread 1 ] DEBUG FXGL.DefaultMenu     - createMenuBodyGameMenu()
18:19:37.075 [FXGL Background Thread 1 ] DEBUG FXGL.DefaultMenu     - createOptionsMenu()
18:19:37.084 [FXGL Background Thread 1 ] DEBUG FXGLAssetLoaderServi - Loading from file system: jar:file:///C:/Users/Wicked/.m2/repository/com/github/almasb/fxgl/17.2/fxgl-17.2.jar!/fxglassets/textures/particles/smoke.png
18:19:37.152 [FXGL Background Thread 1 ] DEBUG FXGLAssetLoaderServi - Loading from file system: jar:file:///C:/Users/Wicked/.m2/repository/com/github/almasb/fxgl/17.2/fxgl-17.2.jar!/fxglassets/textures/particles/trace_horizontal.png
18:19:37.170 [FXGL Background Thread 1 ] DEBUG GameApplicationServi - Application scenes initialized
18:19:37.179 [FXGL Background Thread 1 ] DEBUG SystemBundleService  - Loading FXGL system data
18:19:37.185 [FXGL Background Thread 1 ] DEBUG FileSystemAccess     - Reading from: C:\Users\Wicked\Desktop\JavaFxProject\JavaFxProjectUserTask_Integration\JavaFxProjectUserTask\system\fxgl.bundle
18:19:37.192 [FXGL Background Thread 1 ] DEBUG SystemBundleService  - Bundle FXGL: {}
18:19:37.192 [FXGL Background Thread 1 ] DEBUG UpdaterService       - Checking for updates
18:19:37.198 [FXGL Background Thread 4 ] DEBUG FXGLApplication      - Loading fonts
18:19:37.198 [FXGL Background Thread 1 ] DEBUG FXGLApplication      - Loading default localization
18:19:37.199 [FXGL Background Thread 4 ] DEBUG FXGLAssetLoaderServi - Loading from file system: jar:file:///C:/Users/Wicked/.m2/repository/com/github/almasb/fxgl/17.2/fxgl-17.2.jar!/fxglassets/ui/fonts/VarelaRound-Regular.ttf
18:19:37.199 [FXGL Background Thread 1 ] DEBUG FXGLAssetLoaderServi - Loading from file system: jar:file:///C:/Users/Wicked/.m2/repository/com/github/almasb/fxgl/17.2/fxgl-17.2.jar!/fxglassets/languages/english.lang
18:19:37.228 [FXGL Background Thread 1 ] INFO  FXGLApplication      - FXGL initialization took: 0,331 sec
18:19:37.242 [JavaFX Application Thread] DEBUG Input                - Registered new binding: action0 - Z
18:19:37.243 [JavaFX Application Thread] DEBUG Input                - Registered new binding: action1 - Q
18:19:37.244 [JavaFX Application Thread] DEBUG Input                - Registered new binding: action2 - D
18:19:37.245 [JavaFX Application Thread] DEBUG Input                - Registered new binding: action3 - F
18:19:37.246 [JavaFX Application Thread] DEBUG Input                - Registered new binding: action4 - R
18:19:37.247 [JavaFX Application Thread] DEBUG Input                - Registered new binding: action5 - C
18:19:37.247 [JavaFX Application Thread] DEBUG Input                - Registered new binding: action6 - P
18:19:37.248 [JavaFX Application Thread] DEBUG FXGLAssetLoaderServi - Loading from file system: jar:file:///C:/Users/Wicked/.m2/repository/com/github/almasb/fxgl/17.2/fxgl-17.2.jar!/fxglassets/textures/fxgl_icon.png
18:19:37.252 [JavaFX Application Thread] DEBUG FXGLAssetLoaderServi - Loading from file system: jar:file:///C:/Users/Wicked/.m2/repository/com/github/almasb/fxgl/17.2/fxgl-17.2.jar!/fxglassets/textures/fxgl_default_cursor.png
18:19:37.254 [JavaFX Application Thread] DEBUG Input                - Registered new binding: Screenshot - CTRL+8
18:19:37.255 [JavaFX Application Thread] DEBUG Input                - Registered new binding: System info dump - CTRL+9
18:19:37.256 [JavaFX Application Thread] DEBUG Input                - Registered new binding: Restart - CTRL+R
18:19:37.258 [JavaFX Application Thread] DEBUG Input                - Registered new binding: Toggle Debug Camera - CTRL+7
18:19:37.261 [JavaFX Application Thread] DEBUG LoopRunner           - Starting loop
18:19:37.261 [JavaFX Application Thread] DEBUG LoopRunner           - Initializing JavaFX AnimationTimerLoop
18:19:37.262 [JavaFX Application Thread] DEBUG GameApplicationServi - Starting new game
18:19:37.263 [JavaFX Application Thread] DEBUG Input                - Clearing active input actions
18:19:37.265 [JavaFX Application Thread] DEBUG GameApplicationServi - Removing overlay from FXGLStartupScene and adding to FXGLLoadingScene
18:19:37.265 [JavaFX Application Thread] DEBUG EmbeddedPaneWindow   - FXGLStartupScene -> FXGLLoadingScene
18:19:37.266 [JavaFX Application Thread] DEBUG GameApplicationServi - Clearing previous game
18:19:37.266 [JavaFX Application Thread] DEBUG GameScene            - Clearing game scene
18:19:37.266 [JavaFX Application Thread] DEBUG GameWorld            - Clearing game world
18:19:37.266 [JavaFX Application Thread] DEBUG PhysicsWorld         - Clearing physics world
18:19:37.268 [FXGL Background Thread 1 ] DEBUG FXGLApplication      - Initializing game
18:19:37.285 [FXGL Background Thread 4 ] DEBUG FXGLAssetLoaderServi - Loading from file system: jar:file:///C:/Users/Wicked/.m2/repository/com/github/almasb/fxgl/17.2/fxgl-17.2.jar!/fxglassets/ui/fonts/Abel-Regular.ttf
18:19:37.290 [FXGL Background Thread 4 ] DEBUG FXGLAssetLoaderServi - Loading from file system: jar:file:///C:/Users/Wicked/.m2/repository/com/github/almasb/fxgl/17.2/fxgl-17.2.jar!/fxglassets/ui/fonts/TerminalLandMono-Regular.otf
18:19:37.297 [FXGL Background Thread 4 ] DEBUG FXGLAssetLoaderServi - Loading from file system: jar:file:///C:/Users/Wicked/.m2/repository/com/github/almasb/fxgl/17.2/fxgl-17.2.jar!/fxglassets/ui/fonts/Courier-Prime.ttf
18:19:37.307 [JavaFX Application Thread] DEBUG FXGLApplication      - Registering font factories with UI factory
18:19:37.389 [JavaFX Application Thread] DEBUG LoopRunner           - Stopping loop
18:19:37.392 [JavaFX Application Thread] FATAL FXGLApplication      - Uncaught Exception:
java.lang.RuntimeException: Initialization failed
	at com.almasb.fxgl.all@17.2/com.almasb.fxgl.app.FXGLApplication$InitAppTask.failed(FXGLApplication.kt:343)
	at javafx.graphics@20.0.1/javafx.concurrent.Task.setState(Task.java:710)
	at javafx.graphics@20.0.1/javafx.concurrent.Task$TaskCallable.lambda$call$2(Task.java:1456)
	at javafx.graphics@20.0.1/com.sun.javafx.application.PlatformImpl.lambda$runLater$10(PlatformImpl.java:456)
	at java.base/java.security.AccessController.doPrivileged(AccessController.java:399)
	at javafx.graphics@20.0.1/com.sun.javafx.application.PlatformImpl.lambda$runLater$11(PlatformImpl.java:455)
	at javafx.graphics@20.0.1/com.sun.glass.ui.InvokeLaterDispatcher$Future.run(InvokeLaterDispatcher.java:95)
	at javafx.graphics@20.0.1/com.sun.glass.ui.win.WinApplication._runLoop(Native Method)
	at javafx.graphics@20.0.1/com.sun.glass.ui.win.WinApplication.lambda$runLoop$3(WinApplication.java:185)
	at java.base/java.lang.Thread.run(Thread.java:833)
Caused by: java.lang.IllegalArgumentException: No EntityFactory has a method annotated @Spawns(person)
	at com.almasb.fxgl.entity@17.2/com.almasb.fxgl.entity.GameWorld.create(GameWorld.kt:413)
	at com.almasb.fxgl.entity@17.2/com.almasb.fxgl.entity.GameWorld.spawn(GameWorld.kt:396)
	at com.almasb.fxgl.all@17.2/com.almasb.fxgl.dsl.FXGL$Companion.spawn(FXGL.kt:565)
	at com.almasb.fxgl.all@17.2/com.almasb.fxgl.dsl.FXGL$Companion.spawn(FXGL.kt:559)
	at com.almasb.fxgl.all@17.2/com.almasb.fxgl.dsl.FXGL.spawn(FXGL.kt)
	at com.example.javafxprojectusertask/com.example.javafxprojectusertask.Simulation.SimulationApp.initGame(SimulationApp.java:218)
	at com.almasb.fxgl.all@17.2/com.almasb.fxgl.app.FXGLApplication$InitAppTask.initGame(FXGLApplication.kt:339)
	at com.almasb.fxgl.all@17.2/com.almasb.fxgl.app.FXGLApplication$InitAppTask.call(FXGLApplication.kt:319)
	at com.almasb.fxgl.all@17.2/com.almasb.fxgl.app.FXGLApplication$InitAppTask.call(FXGLApplication.kt:311)
	at javafx.graphics@20.0.1/javafx.concurrent.Task$TaskCallable.call(Task.java:1426)
	at java.base/java.util.concurrent.FutureTask.run(FutureTask.java:264)
	at java.base/java.util.concurrent.Executors$RunnableAdapter.call(Executors.java:539)
	at java.base/java.util.concurrent.FutureTask.run(FutureTask.java:264)
	at java.base/java.util.concurrent.ThreadPoolExecutor.runWorker(ThreadPoolExecutor.java:1136)
	at java.base/java.util.concurrent.ThreadPoolExecutor$Worker.run(ThreadPoolExecutor.java:635)
	... 1 more

18:19:37.392 [JavaFX Application Thread] FATAL FXGLApplication      - Application will now exit
18:19:37.428 [JavaFX Application Thread] DEBUG EmbeddedPaneWindow   - Push state: ErrorSubScene
18:19:37.428 [JavaFX Application Thread] DEBUG Input                - Clearing active input actions
18:19:37.430 [JavaFX Application Thread] DEBUG GameApplicationServi - Removing overlay from FXGLLoadingScene and adding to ErrorSubScene
18:19:37.431 [JavaFX Application Thread] DEBUG EmbeddedPaneWindow   - FXGLLoadingScene -> ErrorSubScene
18:19:38.190 [FXGL Background Thread 2 ] INFO  UpdaterService       - Your current version:  17.2
18:19:38.191 [FXGL Background Thread 2 ] INFO  UpdaterService       - Latest stable version: 21
18:19:40.180 [JavaFX Application Thread] DEBUG FXGLApplication      - Exiting FXGL
18:19:40.180 [JavaFX Application Thread] DEBUG Async                - Shutting down background threads
18:19:40.180 [JavaFX Application Thread] DEBUG Logger               - Closing Logger
